[ 2017-05-02T08:59:30+08:00 ] 127.0.0.1 /
SQL: SHOW COLUMNS FROM `onethink_category` [ RunTime:0.024001s ]
SQL: SELECT `id`,`name`,`title`,`pid`,`sort`,`list_row`,`meta_title`,`keywords`,`description`,`template_index`,`template_lists`,`template_detail`,`template_edit`,`model`,`type`,`link_id`,`allow_publish`,`display`,`reply`,`check`,`reply_model`,`extend`,`create_time`,`update_time`,`status`,`icon` FROM `onethink_category` WHERE ( `status` = 1 ) ORDER BY sort  [ RunTime:0.001000s ]
SQL: SHOW COLUMNS FROM `onethink_document` [ RunTime:0.025002s ]
SQL: SELECT `id`,`uid`,`name`,`title`,`category_id`,`description`,`root`,`pid`,`model_id`,`type`,`position`,`link_id`,`cover_id`,`display`,`deadline`,`attach`,`view`,`comment`,`extend`,`level`,`create_time`,`update_time`,`status` FROM `onethink_document` WHERE ( `status` = 1 ) AND ( `pid` = 0 ) AND ( `create_time` < 1493686769 ) AND ( deadline = 0 OR deadline > 1493686769 ) ORDER BY `id` DESC  [ RunTime:0.018001s ]
INFO: [ view_parse ] --START--
INFO: [ template_filter ] --START--
INFO: Run Behavior\ContentReplace [ RunTime:0.001001s ]
INFO: [ template_filter ] --END-- [ RunTime:0.001001s ]
INFO: Run Behavior\ParseTemplate [ RunTime:0.074004s ]
INFO: [ view_parse ] --END-- [ RunTime:0.074004s ]
INFO: [ view_filter ] --START--
INFO: Run Behavior\WriteHtmlCache [ RunTime:0.009001s ]
INFO: [ view_filter ] --END-- [ RunTime:0.009001s ]
INFO: [ app_end ] --START--
INFO: Run Behavior\ShowPageTrace [ RunTime:0.002000s ]
INFO: [ app_end ] --END-- [ RunTime:0.002000s ]

[ 2017-05-02T08:59:44+08:00 ] 127.0.0.1 /index.php?s=/Admin/Public/login.html
INFO: [ view_parse ] --START--
INFO: [ template_filter ] --START--
INFO: Run Behavior\ContentReplace [ RunTime:0.000000s ]
INFO: [ template_filter ] --END-- [ RunTime:0.000000s ]
INFO: Run Behavior\ParseTemplate [ RunTime:0.025002s ]
INFO: [ view_parse ] --END-- [ RunTime:0.026002s ]
INFO: [ view_filter ] --START--
INFO: Run Behavior\WriteHtmlCache [ RunTime:0.000000s ]
INFO: [ view_filter ] --END-- [ RunTime:0.000000s ]
INFO: [ app_end ] --START--
INFO: Run Behavior\ShowPageTrace [ RunTime:0.001000s ]
INFO: [ app_end ] --END-- [ RunTime:0.001000s ]

[ 2017-05-02T08:59:52+08:00 ] 127.0.0.1 /index.php?s=/Admin/Public/login.html
INFO: [ app_begin ] --START--
INFO: Run Behavior\ReadHtmlCache [ RunTime:0.001000s ]
INFO: [ app_begin ] --END-- [ RunTime:0.001000s ]
SQL: SHOW COLUMNS FROM `onethink_ucenter_member` [ RunTime:0.040002s ]
SQL: SELECT * FROM `onethink_ucenter_member` WHERE ( `username` = 'admin' ) LIMIT 1   [ RunTime:0.001000s ]
SQL: UPDATE `onethink_ucenter_member` SET `last_login_time`=1493686792,`last_login_ip`='2130706433' WHERE ( `id` = 1 ) [ RunTime:0.000000s ]
SQL: SHOW COLUMNS FROM `onethink_member` [ RunTime:0.048003s ]
SQL: SELECT `uid`,`nickname`,`sex`,`birthday`,`qq`,`score`,`login`,`reg_ip`,`reg_time`,`last_login_ip`,`last_login_time`,`status` FROM `onethink_member` WHERE ( `uid` = 1 ) LIMIT 1   [ RunTime:0.001000s ]
SQL: SHOW COLUMNS FROM `onethink_action` [ RunTime:0.027001s ]
SQL: SELECT * FROM `onethink_action` WHERE ( `name` = 'user_login' ) LIMIT 1   [ RunTime:0.014001s ]
SQL: SHOW COLUMNS FROM `onethink_action_log` [ RunTime:0.012001s ]
SQL: INSERT INTO `onethink_action_log` (`action_id`,`user_id`,`action_ip`,`model`,`record_id`,`create_time`,`remark`) VALUES (1,1,2130706433,'member',1,1493686792,'admin在2017-05-02 08:59登录了后台') [ RunTime:0.009001s ]
SQL: SELECT * FROM `onethink_action` WHERE ( `name` = 'user_login' ) LIMIT 1   [ RunTime:0.000000s ]
NOTIC: [8] Undefined offset: 1 E:\onethink\Application\Common\Common\function.php 第 665 行.
NOTIC: [2] array_key_exists() expects parameter 2 to be array, null given E:\onethink\Application\Common\Common\function.php 第 665 行.
SQL: SELECT COUNT(*) AS tp_count FROM `onethink_action_log` WHERE ( `action_id` = 1 ) AND ( `user_id` = 1 ) AND ( `create_time` > 1493600392 ) LIMIT 1   [ RunTime:0.018001s ]
SQL: SHOW COLUMNS FROM `onethink_member` [ RunTime:0.005000s ]
SQL: UPDATE `onethink_member` SET `score`=score+10 WHERE ( uid=1 AND status>-1 ) [ RunTime:0.001000s ]
SQL: UPDATE `onethink_member` SET `login`=`login`+1,`last_login_time`=1493686792,`last_login_ip`='2130706433' WHERE ( `uid` = 1 ) [ RunTime:0.000000s ]

[ 2017-05-02T08:59:58+08:00 ] 127.0.0.1 /index.php?s=/Admin/Index/index.html
SQL: SHOW COLUMNS FROM `onethink_menu` [ RunTime:0.029002s ]
SQL: SELECT * FROM `onethink_menu` WHERE ( `pid` = 0 ) AND ( `hide` = 0 ) ORDER BY sort asc  [ RunTime:0.007000s ]
SQL: SELECT `id` FROM `onethink_menu` WHERE ( url like 'Index/index%' ) LIMIT 1   [ RunTime:0.000000s ]
SQL: SHOW COLUMNS FROM `onethink_menu` [ RunTime:0.006000s ]
SQL: SELECT `id`,`pid`,`title` FROM `onethink_menu` WHERE ( id=1 ) LIMIT 1   [ RunTime:0.000000s ]
SQL: SELECT DISTINCT  `group` FROM `onethink_menu` WHERE ( pid = 1 )  [ RunTime:0.001000s ]
SQL: SELECT `id`,`url` FROM `onethink_menu` WHERE ( `pid` = 1 ) AND ( `hide` = 0 )  [ RunTime:0.000000s ]
INFO: [ view_parse ] --START--
INFO: [ template_filter ] --START--
INFO: Run Behavior\ContentReplace [ RunTime:0.001000s ]
INFO: [ template_filter ] --END-- [ RunTime:0.001000s ]
INFO: [ AdminIndex ] --START--
SQL: SHOW COLUMNS FROM `onethink_addons` [ RunTime:0.028002s ]
SQL: SELECT `config` FROM `onethink_addons` WHERE ( `name` = 'SiteStat' ) AND ( `status` = 1 ) LIMIT 1   [ RunTime:0.010000s ]
SQL: SHOW COLUMNS FROM `onethink_member` [ RunTime:0.005000s ]
SQL: SELECT COUNT(*) AS tp_count FROM `onethink_member` LIMIT 1   [ RunTime:0.000000s ]
SQL: SHOW COLUMNS FROM `onethink_action_log` [ RunTime:0.006001s ]
SQL: SELECT COUNT(*) AS tp_count FROM `onethink_action_log` LIMIT 1   [ RunTime:0.000000s ]
SQL: SHOW COLUMNS FROM `onethink_document` [ RunTime:0.006000s ]
SQL: SELECT COUNT(*) AS tp_count FROM `onethink_document` LIMIT 1   [ RunTime:0.000000s ]
SQL: SHOW COLUMNS FROM `onethink_category` [ RunTime:0.006000s ]
SQL: SELECT COUNT(*) AS tp_count FROM `onethink_category` LIMIT 1   [ RunTime:0.000000s ]
SQL: SHOW COLUMNS FROM `onethink_model` [ RunTime:0.036002s ]
SQL: SELECT COUNT(*) AS tp_count FROM `onethink_model` LIMIT 1   [ RunTime:0.000000s ]
INFO: [ view_parse ] --START--
INFO: [ template_filter ] --START--
INFO: Run Behavior\ContentReplace [ RunTime:0.000000s ]
INFO: [ template_filter ] --END-- [ RunTime:-0.198011s ]
INFO: Run Behavior\ParseTemplate [ RunTime:0.033002s ]
INFO: [ view_parse ] --END-- [ RunTime:0.033002s ]
INFO: [ view_filter ] --START--
INFO: Run Behavior\WriteHtmlCache [ RunTime:0.000000s ]
INFO: [ view_filter ] --END-- [ RunTime:0.000000s ]
INFO: Run SiteStat [ RunTime:0.173010s ]
SQL: SELECT `config` FROM `onethink_addons` WHERE ( `name` = 'SystemInfo' ) AND ( `status` = 1 ) LIMIT 1   [ RunTime:0.000000s ]
INFO: [ view_parse ] --START--
INFO: [ template_filter ] --START--
INFO: Run Behavior\ContentReplace [ RunTime:0.000000s ]
INFO: [ template_filter ] --END-- [ RunTime:-5.242299s ]
SQL: select version() as v; [ RunTime:0.000000s ]
INFO: Run Behavior\ParseTemplate [ RunTime:0.008001s ]
INFO: [ view_parse ] --END-- [ RunTime:-5.027287s ]
INFO: [ view_filter ] --START--
INFO: Run Behavior\WriteHtmlCache [ RunTime:0.000000s ]
INFO: [ view_filter ] --END-- [ RunTime:-5.035288s ]
INFO: Run SystemInfo [ RunTime:5.035288s ]
SQL: SELECT `config` FROM `onethink_addons` WHERE ( `name` = 'DevTeam' ) AND ( `status` = 1 ) LIMIT 1   [ RunTime:0.000000s ]
INFO: [ view_parse ] --START--
INFO: [ template_filter ] --START--
INFO: Run Behavior\ContentReplace [ RunTime:0.000000s ]
INFO: [ template_filter ] --END-- [ RunTime:-5.330304s ]
INFO: Run Behavior\ParseTemplate [ RunTime:0.005001s ]
INFO: [ view_parse ] --END-- [ RunTime:-5.119292s ]
INFO: [ view_filter ] --START--
INFO: Run Behavior\WriteHtmlCache [ RunTime:0.000000s ]
INFO: [ view_filter ] --END-- [ RunTime:-5.124293s ]
INFO: Run DevTeam [ RunTime:0.088005s ]
INFO: [ AdminIndex ] --END-- [ RunTime:5.296303s ]
INFO: Run Behavior\ParseTemplate [ RunTime:0.005001s ]
INFO: [ view_parse ] --END-- [ RunTime:-5.119292s ]
INFO: [ view_filter ] --START--
INFO: Run Behavior\WriteHtmlCache [ RunTime:0.000000s ]
INFO: [ view_filter ] --END-- [ RunTime:-5.124293s ]
INFO: [ app_end ] --START--
INFO: Run Behavior\ShowPageTrace [ RunTime:0.001000s ]
INFO: [ app_end ] --END-- [ RunTime:0.001000s ]

[ 2017-05-02T09:00:02+08:00 ] 127.0.0.1 /index.php?s=/Admin/Manager/index.html
SQL: SHOW COLUMNS FROM `onethink_menu` [ RunTime:0.006000s ]
SQL: SELECT * FROM `onethink_menu` WHERE ( `pid` = 0 ) AND ( `hide` = 0 ) ORDER BY sort asc  [ RunTime:0.000000s ]
SQL: SELECT `id` FROM `onethink_menu` WHERE ( url like 'Manager/index%' ) LIMIT 1   [ RunTime:0.000000s ]
SQL: SHOW COLUMNS FROM `onethink_menu` [ RunTime:0.005001s ]
SQL: SELECT `id`,`pid`,`title` FROM `onethink_menu` WHERE ( id=123 ) LIMIT 1   [ RunTime:0.000000s ]
SQL: SELECT DISTINCT  `group` FROM `onethink_menu` WHERE ( pid = 123 )  [ RunTime:0.000000s ]
SQL: SELECT `id`,`url` FROM `onethink_menu` WHERE ( `pid` = 123 ) AND ( `hide` = 0 )  [ RunTime:0.000000s ]
SQL: SELECT `id`,`pid`,`title`,`url`,`tip` FROM `onethink_menu` WHERE ( `group` = '物业管理' ) AND ( `pid` = 123 ) AND ( `hide` = 0 ) ORDER BY sort asc  [ RunTime:0.000000s ]
SQL: SHOW COLUMNS FROM `onethink_repair` [ RunTime:0.043002s ]
SQL: SELECT COUNT(*) AS tp_count FROM `onethink_repair` LIMIT 1   [ RunTime:0.000000s ]
SQL: SELECT * FROM `onethink_repair` LIMIT 0,2   [ RunTime:0.001000s ]
INFO: [ view_parse ] --START--
INFO: [ template_filter ] --START--
INFO: Run Behavior\ContentReplace [ RunTime:0.001000s ]
INFO: [ template_filter ] --END-- [ RunTime:0.001000s ]
NOTIC: [8] Use of undefined constant status - assumed 'status' E:\onethink\Runtime\Cache\Admin\71667e699eae66b4954cb62aa6e05a39.php 第 126 行.
NOTIC: [8] Undefined variable: pid E:\onethink\Runtime\Cache\Admin\71667e699eae66b4954cb62aa6e05a39.php 第 128 行.
NOTIC: [8] Use of undefined constant status - assumed 'status' E:\onethink\Runtime\Cache\Admin\71667e699eae66b4954cb62aa6e05a39.php 第 126 行.
NOTIC: [8] Undefined variable: pid E:\onethink\Runtime\Cache\Admin\71667e699eae66b4954cb62aa6e05a39.php 第 128 行.
INFO: Run Behavior\ParseTemplate [ RunTime:0.028002s ]
INFO: [ view_parse ] --END-- [ RunTime:0.028002s ]
INFO: [ view_filter ] --START--
INFO: Run Behavior\WriteHtmlCache [ RunTime:0.001000s ]
INFO: [ view_filter ] --END-- [ RunTime:0.001000s ]
INFO: [ app_end ] --START--
INFO: Run Behavior\ShowPageTrace [ RunTime:0.000000s ]
INFO: [ app_end ] --END-- [ RunTime:0.000000s ]

[ 2017-05-02T09:00:07+08:00 ] 127.0.0.1 /index.php?s=/Admin/Article/mydocument.html
SQL: SHOW COLUMNS FROM `onethink_menu` [ RunTime:0.006001s ]
SQL: SELECT * FROM `onethink_menu` WHERE ( `pid` = 0 ) AND ( `hide` = 0 ) ORDER BY sort asc  [ RunTime:0.001000s ]
SQL: SELECT `id` FROM `onethink_menu` WHERE ( url like 'Article/mydocument%' ) LIMIT 1   [ RunTime:0.000000s ]
SQL: SHOW COLUMNS FROM `onethink_menu` [ RunTime:0.005000s ]
SQL: SELECT `id`,`pid`,`title` FROM `onethink_menu` WHERE ( id=2 ) LIMIT 1   [ RunTime:0.000000s ]
SQL: SELECT DISTINCT  `group` FROM `onethink_menu` WHERE ( pid = 2 )  [ RunTime:0.000000s ]
SQL: SELECT `id`,`url` FROM `onethink_menu` WHERE ( `pid` = 2 ) AND ( `hide` = 0 )  [ RunTime:0.000000s ]
SQL: SELECT `id`,`pid`,`title`,`url`,`tip` FROM `onethink_menu` WHERE ( `group` = '内容' ) AND ( `pid` = 2 ) AND ( `hide` = 0 ) ORDER BY sort asc  [ RunTime:0.000000s ]
SQL: SHOW COLUMNS FROM `onethink_auth_group_access` [ RunTime:0.044002s ]
SQL: SELECT `extend_id` FROM onethink_auth_group_access g INNER JOIN onethink_auth_extend c on g.group_id=c.group_id  WHERE ( g.uid='1' and c.type='1' and !isnull(extend_id) )  [ RunTime:0.030002s ]
SQL: SHOW COLUMNS FROM `onethink_category` [ RunTime:0.006000s ]
SQL: SELECT `id`,`title`,`pid`,`allow_publish` FROM `onethink_category` WHERE ( `status` = 1 ) ORDER BY pid,sort  [ RunTime:0.001000s ]
SQL: SHOW COLUMNS FROM `onethink_document` [ RunTime:0.006000s ]
SQL: SELECT COUNT(*) AS tp_count FROM `onethink_document` WHERE ( `status` IN ('0','1','2') ) AND ( `uid` = 1 ) AND ( `pid` = 0 ) LIMIT 1   [ RunTime:0.000000s ]
SQL: SELECT `id`,`uid`,`name`,`title`,`category_id`,`description`,`root`,`pid`,`model_id`,`type`,`position`,`link_id`,`cover_id`,`display`,`deadline`,`attach`,`view`,`comment`,`extend`,`level`,`create_time`,`update_time`,`status` FROM `onethink_document` WHERE ( `status` IN ('0','1','2') ) AND ( `uid` = 1 ) AND ( `pid` = 0 ) ORDER BY update_time desc LIMIT 0,1   [ RunTime:0.000000s ]
INFO: [ view_parse ] --START--
INFO: [ template_filter ] --START--
INFO: Run Behavior\ContentReplace [ RunTime:0.000000s ]
INFO: [ template_filter ] --END-- [ RunTime:0.000000s ]
SQL: SHOW COLUMNS FROM `onethink_document` [ RunTime:0.006000s ]
SQL: SELECT COUNT(*) AS tp_count FROM `onethink_document` WHERE ( pid=10 ) LIMIT 1   [ RunTime:0.000000s ]
SQL: SELECT `title` FROM `onethink_category` WHERE ( id=41 ) LIMIT 1   [ RunTime:0.000000s ]
INFO: Run Behavior\ParseTemplate [ RunTime:0.039002s ]
INFO: [ view_parse ] --END-- [ RunTime:0.039002s ]
INFO: [ view_filter ] --START--
INFO: Run Behavior\WriteHtmlCache [ RunTime:0.001000s ]
INFO: [ view_filter ] --END-- [ RunTime:0.001000s ]
INFO: [ app_end ] --START--
INFO: Run Behavior\ShowPageTrace [ RunTime:0.000000s ]
INFO: [ app_end ] --END-- [ RunTime:0.000000s ]

[ 2017-05-02T09:00:12+08:00 ] 127.0.0.1 /index.php?s=/Admin/Config/group.html
SQL: SHOW COLUMNS FROM `onethink_menu` [ RunTime:0.006000s ]
SQL: SELECT * FROM `onethink_menu` WHERE ( `pid` = 0 ) AND ( `hide` = 0 ) ORDER BY sort asc  [ RunTime:0.000000s ]
SQL: SELECT `id` FROM `onethink_menu` WHERE ( url like 'Config/group%' ) LIMIT 1   [ RunTime:0.000000s ]
SQL: SHOW COLUMNS FROM `onethink_menu` [ RunTime:0.006001s ]
SQL: SELECT `id`,`pid`,`title` FROM `onethink_menu` WHERE ( id=68 ) LIMIT 1   [ RunTime:0.001000s ]
SQL: SELECT DISTINCT  `group` FROM `onethink_menu` WHERE ( pid = 68 )  [ RunTime:0.000000s ]
SQL: SELECT `id`,`url` FROM `onethink_menu` WHERE ( `pid` = 68 ) AND ( `hide` = 0 )  [ RunTime:0.001000s ]
SQL: SELECT `id`,`pid`,`title`,`url`,`tip` FROM `onethink_menu` WHERE ( `group` = '系统设置' ) AND ( `pid` = 68 ) AND ( `hide` = 0 ) ORDER BY sort asc  [ RunTime:0.000000s ]
SQL: SELECT `id`,`pid`,`title`,`url`,`tip` FROM `onethink_menu` WHERE ( `group` = '' ) AND ( `pid` = 68 ) AND ( `hide` = 0 ) ORDER BY sort asc  [ RunTime:0.000000s ]
SQL: SELECT `id`,`pid`,`title`,`url`,`tip` FROM `onethink_menu` WHERE ( `group` = '数据备份' ) AND ( `pid` = 68 ) AND ( `hide` = 0 ) ORDER BY sort asc  [ RunTime:0.001000s ]
SQL: SHOW COLUMNS FROM `onethink_config` [ RunTime:0.006000s ]
SQL: SELECT `id`,`name`,`title`,`extra`,`value`,`remark`,`type` FROM `onethink_config` WHERE ( `status` = 1 ) AND ( `group` = 1 ) ORDER BY sort  [ RunTime:0.000000s ]
INFO: [ view_parse ] --START--
INFO: [ template_filter ] --START--
INFO: Run Behavior\ContentReplace [ RunTime:0.000000s ]
INFO: [ template_filter ] --END-- [ RunTime:0.000000s ]
INFO: Run Behavior\ParseTemplate [ RunTime:0.057004s ]
INFO: [ view_parse ] --END-- [ RunTime:0.057004s ]
INFO: [ view_filter ] --START--
INFO: Run Behavior\WriteHtmlCache [ RunTime:0.000000s ]
INFO: [ view_filter ] --END-- [ RunTime:0.000000s ]
INFO: [ app_end ] --START--
INFO: Run Behavior\ShowPageTrace [ RunTime:0.001000s ]
INFO: [ app_end ] --END-- [ RunTime:0.001000s ]

[ 2017-05-02T09:00:13+08:00 ] 127.0.0.1 /index.php?s=/Admin/Article/mydocument.html
SQL: SHOW COLUMNS FROM `onethink_menu` [ RunTime:0.006001s ]
SQL: SELECT * FROM `onethink_menu` WHERE ( `pid` = 0 ) AND ( `hide` = 0 ) ORDER BY sort asc  [ RunTime:0.000000s ]
SQL: SELECT `id` FROM `onethink_menu` WHERE ( url like 'Article/mydocument%' ) LIMIT 1   [ RunTime:0.000000s ]
SQL: SHOW COLUMNS FROM `onethink_menu` [ RunTime:0.005000s ]
SQL: SELECT `id`,`pid`,`title` FROM `onethink_menu` WHERE ( id=2 ) LIMIT 1   [ RunTime:0.000000s ]
SQL: SELECT DISTINCT  `group` FROM `onethink_menu` WHERE ( pid = 2 )  [ RunTime:0.000000s ]
SQL: SELECT `id`,`url` FROM `onethink_menu` WHERE ( `pid` = 2 ) AND ( `hide` = 0 )  [ RunTime:0.000000s ]
SQL: SELECT `id`,`pid`,`title`,`url`,`tip` FROM `onethink_menu` WHERE ( `group` = '内容' ) AND ( `pid` = 2 ) AND ( `hide` = 0 ) ORDER BY sort asc  [ RunTime:0.000000s ]
SQL: SHOW COLUMNS FROM `onethink_auth_group_access` [ RunTime:0.006001s ]
SQL: SELECT `extend_id` FROM onethink_auth_group_access g INNER JOIN onethink_auth_extend c on g.group_id=c.group_id  WHERE ( g.uid='1' and c.type='1' and !isnull(extend_id) )  [ RunTime:0.000000s ]
SQL: SHOW COLUMNS FROM `onethink_category` [ RunTime:0.005000s ]
SQL: SELECT `id`,`title`,`pid`,`allow_publish` FROM `onethink_category` WHERE ( `status` = 1 ) ORDER BY pid,sort  [ RunTime:0.000000s ]
SQL: SHOW COLUMNS FROM `onethink_document` [ RunTime:0.006001s ]
SQL: SELECT COUNT(*) AS tp_count FROM `onethink_document` WHERE ( `status` IN ('0','1','2') ) AND ( `uid` = 1 ) AND ( `pid` = 0 ) LIMIT 1   [ RunTime:0.000000s ]
SQL: SELECT `id`,`uid`,`name`,`title`,`category_id`,`description`,`root`,`pid`,`model_id`,`type`,`position`,`link_id`,`cover_id`,`display`,`deadline`,`attach`,`view`,`comment`,`extend`,`level`,`create_time`,`update_time`,`status` FROM `onethink_document` WHERE ( `status` IN ('0','1','2') ) AND ( `uid` = 1 ) AND ( `pid` = 0 ) ORDER BY update_time desc LIMIT 0,1   [ RunTime:0.001000s ]
INFO: [ view_parse ] --START--
INFO: [ template_filter ] --START--
INFO: Run Behavior\ContentReplace [ RunTime:0.001000s ]
INFO: [ template_filter ] --END-- [ RunTime:0.001000s ]
SQL: SHOW COLUMNS FROM `onethink_document` [ RunTime:0.006001s ]
SQL: SELECT COUNT(*) AS tp_count FROM `onethink_document` WHERE ( pid=10 ) LIMIT 1   [ RunTime:0.001000s ]
SQL: SELECT `title` FROM `onethink_category` WHERE ( id=41 ) LIMIT 1   [ RunTime:0.000000s ]
INFO: Run Behavior\ParseTemplate [ RunTime:0.037002s ]
INFO: [ view_parse ] --END-- [ RunTime:0.037002s ]
INFO: [ view_filter ] --START--
INFO: Run Behavior\WriteHtmlCache [ RunTime:0.001000s ]
INFO: [ view_filter ] --END-- [ RunTime:0.001000s ]
INFO: [ app_end ] --START--
INFO: Run Behavior\ShowPageTrace [ RunTime:0.000000s ]
INFO: [ app_end ] --END-- [ RunTime:0.000000s ]

[ 2017-05-02T09:00:15+08:00 ] 127.0.0.1 /index.php?s=/Admin/Article/mydocument.html
SQL: SHOW COLUMNS FROM `onethink_menu` [ RunTime:0.006001s ]
SQL: SELECT * FROM `onethink_menu` WHERE ( `pid` = 0 ) AND ( `hide` = 0 ) ORDER BY sort asc  [ RunTime:0.001000s ]
SQL: SELECT `id` FROM `onethink_menu` WHERE ( url like 'Article/mydocument%' ) LIMIT 1   [ RunTime:0.000000s ]
SQL: SHOW COLUMNS FROM `onethink_menu` [ RunTime:0.006000s ]
SQL: SELECT `id`,`pid`,`title` FROM `onethink_menu` WHERE ( id=2 ) LIMIT 1   [ RunTime:0.000000s ]
SQL: SELECT DISTINCT  `group` FROM `onethink_menu` WHERE ( pid = 2 )  [ RunTime:0.001000s ]
SQL: SELECT `id`,`url` FROM `onethink_menu` WHERE ( `pid` = 2 ) AND ( `hide` = 0 )  [ RunTime:0.000000s ]
SQL: SELECT `id`,`pid`,`title`,`url`,`tip` FROM `onethink_menu` WHERE ( `group` = '内容' ) AND ( `pid` = 2 ) AND ( `hide` = 0 ) ORDER BY sort asc  [ RunTime:0.000000s ]
SQL: SHOW COLUMNS FROM `onethink_auth_group_access` [ RunTime:0.005001s ]
SQL: SELECT `extend_id` FROM onethink_auth_group_access g INNER JOIN onethink_auth_extend c on g.group_id=c.group_id  WHERE ( g.uid='1' and c.type='1' and !isnull(extend_id) )  [ RunTime:0.001000s ]
SQL: SHOW COLUMNS FROM `onethink_category` [ RunTime:0.005000s ]
SQL: SELECT `id`,`title`,`pid`,`allow_publish` FROM `onethink_category` WHERE ( `status` = 1 ) ORDER BY pid,sort  [ RunTime:0.000000s ]
SQL: SHOW COLUMNS FROM `onethink_document` [ RunTime:0.006001s ]
SQL: SELECT COUNT(*) AS tp_count FROM `onethink_document` WHERE ( `status` IN ('0','1','2') ) AND ( `uid` = 1 ) AND ( `pid` = 0 ) LIMIT 1   [ RunTime:0.000000s ]
SQL: SELECT `id`,`uid`,`name`,`title`,`category_id`,`description`,`root`,`pid`,`model_id`,`type`,`position`,`link_id`,`cover_id`,`display`,`deadline`,`attach`,`view`,`comment`,`extend`,`level`,`create_time`,`update_time`,`status` FROM `onethink_document` WHERE ( `status` IN ('0','1','2') ) AND ( `uid` = 1 ) AND ( `pid` = 0 ) ORDER BY update_time desc LIMIT 0,1   [ RunTime:0.000000s ]
INFO: [ view_parse ] --START--
INFO: [ template_filter ] --START--
INFO: Run Behavior\ContentReplace [ RunTime:0.000000s ]
INFO: [ template_filter ] --END-- [ RunTime:0.000000s ]
SQL: SHOW COLUMNS FROM `onethink_document` [ RunTime:0.006000s ]
SQL: SELECT COUNT(*) AS tp_count FROM `onethink_document` WHERE ( pid=10 ) LIMIT 1   [ RunTime:0.000000s ]
SQL: SELECT `title` FROM `onethink_category` WHERE ( id=41 ) LIMIT 1   [ RunTime:0.001000s ]
INFO: Run Behavior\ParseTemplate [ RunTime:0.038002s ]
INFO: [ view_parse ] --END-- [ RunTime:0.038002s ]
INFO: [ view_filter ] --START--
INFO: Run Behavior\WriteHtmlCache [ RunTime:0.000000s ]
INFO: [ view_filter ] --END-- [ RunTime:0.000000s ]
INFO: [ app_end ] --START--
INFO: Run Behavior\ShowPageTrace [ RunTime:0.001000s ]
INFO: [ app_end ] --END-- [ RunTime:0.001000s ]

[ 2017-05-02T09:00:17+08:00 ] 127.0.0.1 /index.php?s=/Admin/Config/group.html
SQL: SHOW COLUMNS FROM `onethink_menu` [ RunTime:0.006000s ]
SQL: SELECT * FROM `onethink_menu` WHERE ( `pid` = 0 ) AND ( `hide` = 0 ) ORDER BY sort asc  [ RunTime:0.000000s ]
SQL: SELECT `id` FROM `onethink_menu` WHERE ( url like 'Config/group%' ) LIMIT 1   [ RunTime:0.001000s ]
SQL: SHOW COLUMNS FROM `onethink_menu` [ RunTime:0.005000s ]
SQL: SELECT `id`,`pid`,`title` FROM `onethink_menu` WHERE ( id=68 ) LIMIT 1   [ RunTime:0.000000s ]
SQL: SELECT DISTINCT  `group` FROM `onethink_menu` WHERE ( pid = 68 )  [ RunTime:0.001000s ]
SQL: SELECT `id`,`url` FROM `onethink_menu` WHERE ( `pid` = 68 ) AND ( `hide` = 0 )  [ RunTime:0.000000s ]
SQL: SELECT `id`,`pid`,`title`,`url`,`tip` FROM `onethink_menu` WHERE ( `group` = '系统设置' ) AND ( `pid` = 68 ) AND ( `hide` = 0 ) ORDER BY sort asc  [ RunTime:0.001001s ]
SQL: SELECT `id`,`pid`,`title`,`url`,`tip` FROM `onethink_menu` WHERE ( `group` = '' ) AND ( `pid` = 68 ) AND ( `hide` = 0 ) ORDER BY sort asc  [ RunTime:0.000000s ]
SQL: SELECT `id`,`pid`,`title`,`url`,`tip` FROM `onethink_menu` WHERE ( `group` = '数据备份' ) AND ( `pid` = 68 ) AND ( `hide` = 0 ) ORDER BY sort asc  [ RunTime:0.001000s ]
SQL: SHOW COLUMNS FROM `onethink_config` [ RunTime:0.005000s ]
SQL: SELECT `id`,`name`,`title`,`extra`,`value`,`remark`,`type` FROM `onethink_config` WHERE ( `status` = 1 ) AND ( `group` = 1 ) ORDER BY sort  [ RunTime:0.000000s ]
INFO: [ view_parse ] --START--
INFO: [ template_filter ] --START--
INFO: Run Behavior\ContentReplace [ RunTime:0.000000s ]
INFO: [ template_filter ] --END-- [ RunTime:0.000000s ]
INFO: Run Behavior\ParseTemplate [ RunTime:0.019001s ]
INFO: [ view_parse ] --END-- [ RunTime:0.019001s ]
INFO: [ view_filter ] --START--
INFO: Run Behavior\WriteHtmlCache [ RunTime:0.000000s ]
INFO: [ view_filter ] --END-- [ RunTime:0.000000s ]
INFO: [ app_end ] --START--
INFO: Run Behavior\ShowPageTrace [ RunTime:0.001000s ]
INFO: [ app_end ] --END-- [ RunTime:0.001000s ]

[ 2017-05-02T09:03:19+08:00 ] 127.0.0.1 /
SQL: SHOW COLUMNS FROM `onethink_category` [ RunTime:0.006000s ]
SQL: SELECT `id`,`name`,`title`,`pid`,`sort`,`list_row`,`meta_title`,`keywords`,`description`,`template_index`,`template_lists`,`template_detail`,`template_edit`,`model`,`type`,`link_id`,`allow_publish`,`display`,`reply`,`check`,`reply_model`,`extend`,`create_time`,`update_time`,`status`,`icon` FROM `onethink_category` WHERE ( `status` = 1 ) ORDER BY sort  [ RunTime:0.001000s ]
SQL: SHOW COLUMNS FROM `onethink_document` [ RunTime:0.006000s ]
SQL: SELECT `id`,`uid`,`name`,`title`,`category_id`,`description`,`root`,`pid`,`model_id`,`type`,`position`,`link_id`,`cover_id`,`display`,`deadline`,`attach`,`view`,`comment`,`extend`,`level`,`create_time`,`update_time`,`status` FROM `onethink_document` WHERE ( `status` = 1 ) AND ( `pid` = 0 ) AND ( `create_time` < 1493686999 ) AND ( deadline = 0 OR deadline > 1493686999 ) ORDER BY `id` DESC  [ RunTime:0.001000s ]
INFO: [ view_parse ] --START--
INFO: [ template_filter ] --START--
INFO: Run Behavior\ContentReplace [ RunTime:0.000000s ]
INFO: [ template_filter ] --END-- [ RunTime:0.000000s ]
INFO: Run Behavior\ParseTemplate [ RunTime:0.010001s ]
INFO: [ view_parse ] --END-- [ RunTime:0.010001s ]
INFO: [ view_filter ] --START--
INFO: Run Behavior\WriteHtmlCache [ RunTime:0.000000s ]
INFO: [ view_filter ] --END-- [ RunTime:0.000000s ]
INFO: [ app_end ] --START--
INFO: Run Behavior\ShowPageTrace [ RunTime:0.001000s ]
INFO: [ app_end ] --END-- [ RunTime:0.001000s ]

[ 2017-05-02T09:05:44+08:00 ] 127.0.0.1 /index.php?s=/Admin/Manager/index.html
SQL: SHOW COLUMNS FROM `onethink_menu` [ RunTime:0.006001s ]
SQL: SELECT * FROM `onethink_menu` WHERE ( `pid` = 0 ) AND ( `hide` = 0 ) ORDER BY sort asc  [ RunTime:0.001000s ]
SQL: SELECT `id` FROM `onethink_menu` WHERE ( url like 'Manager/index%' ) LIMIT 1   [ RunTime:0.000000s ]
SQL: SHOW COLUMNS FROM `onethink_menu` [ RunTime:0.006000s ]
SQL: SELECT `id`,`pid`,`title` FROM `onethink_menu` WHERE ( id=123 ) LIMIT 1   [ RunTime:0.001000s ]
SQL: SELECT DISTINCT  `group` FROM `onethink_menu` WHERE ( pid = 123 )  [ RunTime:0.000000s ]
SQL: SELECT `id`,`url` FROM `onethink_menu` WHERE ( `pid` = 123 ) AND ( `hide` = 0 )  [ RunTime:0.000000s ]
SQL: SELECT `id`,`pid`,`title`,`url`,`tip` FROM `onethink_menu` WHERE ( `group` = '物业管理' ) AND ( `pid` = 123 ) AND ( `hide` = 0 ) ORDER BY sort asc  [ RunTime:0.000000s ]
SQL: SHOW COLUMNS FROM `onethink_repair` [ RunTime:0.005001s ]
SQL: SELECT COUNT(*) AS tp_count FROM `onethink_repair` LIMIT 1   [ RunTime:0.000000s ]
SQL: SELECT * FROM `onethink_repair` LIMIT 0,2   [ RunTime:0.000000s ]
INFO: [ view_parse ] --START--
INFO: [ template_filter ] --START--
INFO: Run Behavior\ContentReplace [ RunTime:0.000000s ]
INFO: [ template_filter ] --END-- [ RunTime:0.000000s ]
NOTIC: [8] Use of undefined constant status - assumed 'status' E:\onethink\Runtime\Cache\Admin\71667e699eae66b4954cb62aa6e05a39.php 第 126 行.
NOTIC: [8] Undefined variable: pid E:\onethink\Runtime\Cache\Admin\71667e699eae66b4954cb62aa6e05a39.php 第 128 行.
NOTIC: [8] Use of undefined constant status - assumed 'status' E:\onethink\Runtime\Cache\Admin\71667e699eae66b4954cb62aa6e05a39.php 第 126 行.
NOTIC: [8] Undefined variable: pid E:\onethink\Runtime\Cache\Admin\71667e699eae66b4954cb62aa6e05a39.php 第 128 行.
INFO: Run Behavior\ParseTemplate [ RunTime:0.018001s ]
INFO: [ view_parse ] --END-- [ RunTime:0.019001s ]
INFO: [ view_filter ] --START--
INFO: Run Behavior\WriteHtmlCache [ RunTime:0.000000s ]
INFO: [ view_filter ] --END-- [ RunTime:0.000000s ]
INFO: [ app_end ] --START--
INFO: Run Behavior\ShowPageTrace [ RunTime:0.001000s ]
INFO: [ app_end ] --END-- [ RunTime:0.001000s ]

[ 2017-05-02T09:11:00+08:00 ] 127.0.0.1 /index.php?s=/Admin/Config/group.html
SQL: SHOW COLUMNS FROM `onethink_menu` [ RunTime:0.007000s ]
SQL: SELECT * FROM `onethink_menu` WHERE ( `pid` = 0 ) AND ( `hide` = 0 ) ORDER BY sort asc  [ RunTime:0.000000s ]
SQL: SELECT `id` FROM `onethink_menu` WHERE ( url like 'Config/group%' ) LIMIT 1   [ RunTime:0.001000s ]
SQL: SHOW COLUMNS FROM `onethink_menu` [ RunTime:0.006000s ]
SQL: SELECT `id`,`pid`,`title` FROM `onethink_menu` WHERE ( id=68 ) LIMIT 1   [ RunTime:0.000000s ]
SQL: SELECT DISTINCT  `group` FROM `onethink_menu` WHERE ( pid = 68 )  [ RunTime:0.000000s ]
SQL: SELECT `id`,`url` FROM `onethink_menu` WHERE ( `pid` = 68 ) AND ( `hide` = 0 )  [ RunTime:0.001000s ]
SQL: SELECT `id`,`pid`,`title`,`url`,`tip` FROM `onethink_menu` WHERE ( `group` = '系统设置' ) AND ( `pid` = 68 ) AND ( `hide` = 0 ) ORDER BY sort asc  [ RunTime:0.000000s ]
SQL: SELECT `id`,`pid`,`title`,`url`,`tip` FROM `onethink_menu` WHERE ( `group` = '' ) AND ( `pid` = 68 ) AND ( `hide` = 0 ) ORDER BY sort asc  [ RunTime:0.001000s ]
SQL: SELECT `id`,`pid`,`title`,`url`,`tip` FROM `onethink_menu` WHERE ( `group` = '数据备份' ) AND ( `pid` = 68 ) AND ( `hide` = 0 ) ORDER BY sort asc  [ RunTime:0.000000s ]
SQL: SHOW COLUMNS FROM `onethink_config` [ RunTime:0.006001s ]
SQL: SELECT `id`,`name`,`title`,`extra`,`value`,`remark`,`type` FROM `onethink_config` WHERE ( `status` = 1 ) AND ( `group` = 1 ) ORDER BY sort  [ RunTime:0.000000s ]
INFO: [ view_parse ] --START--
INFO: [ template_filter ] --START--
INFO: Run Behavior\ContentReplace [ RunTime:0.000000s ]
INFO: [ template_filter ] --END-- [ RunTime:0.000000s ]
INFO: Run Behavior\ParseTemplate [ RunTime:0.175010s ]
INFO: [ view_parse ] --END-- [ RunTime:0.175010s ]
INFO: [ view_filter ] --START--
INFO: Run Behavior\WriteHtmlCache [ RunTime:0.031002s ]
INFO: [ view_filter ] --END-- [ RunTime:0.031002s ]
INFO: [ app_end ] --START--
INFO: Run Behavior\ShowPageTrace [ RunTime:0.012000s ]
INFO: [ app_end ] --END-- [ RunTime:0.012000s ]

[ 2017-05-02T09:11:01+08:00 ] 127.0.0.1 /index.php?s=/Admin/Menu/index.html
SQL: SHOW COLUMNS FROM `onethink_menu` [ RunTime:0.006000s ]
SQL: SELECT * FROM `onethink_menu` WHERE ( `pid` = 0 ) AND ( `hide` = 0 ) ORDER BY sort asc  [ RunTime:0.001000s ]
SQL: SELECT `id` FROM `onethink_menu` WHERE ( url like 'Menu/index%' ) LIMIT 1   [ RunTime:0.000000s ]
SQL: SHOW COLUMNS FROM `onethink_menu` [ RunTime:0.006001s ]
SQL: SELECT `id`,`pid`,`title` FROM `onethink_menu` WHERE ( id=75 ) LIMIT 1   [ RunTime:0.001000s ]
SQL: SELECT `id`,`pid`,`title` FROM `onethink_menu` WHERE ( id=68 ) LIMIT 1   [ RunTime:0.000000s ]
SQL: SELECT DISTINCT  `group` FROM `onethink_menu` WHERE ( pid = 68 )  [ RunTime:0.001000s ]
SQL: SELECT `id`,`url` FROM `onethink_menu` WHERE ( `pid` = 68 ) AND ( `hide` = 0 )  [ RunTime:0.000000s ]
SQL: SELECT `id`,`pid`,`title`,`url`,`tip` FROM `onethink_menu` WHERE ( `group` = '系统设置' ) AND ( `pid` = 68 ) AND ( `hide` = 0 ) ORDER BY sort asc  [ RunTime:0.001000s ]
SQL: SELECT `id`,`pid`,`title`,`url`,`tip` FROM `onethink_menu` WHERE ( `group` = '' ) AND ( `pid` = 68 ) AND ( `hide` = 0 ) ORDER BY sort asc  [ RunTime:0.000000s ]
SQL: SELECT `id`,`pid`,`title`,`url`,`tip` FROM `onethink_menu` WHERE ( `group` = '数据备份' ) AND ( `pid` = 68 ) AND ( `hide` = 0 ) ORDER BY sort asc  [ RunTime:0.000000s ]
SQL: SELECT `id`,`title` FROM `onethink_menu`  [ RunTime:0.000000s ]
SQL: SELECT `id`,`title`,`pid`,`sort`,`url`,`hide`,`tip`,`group`,`is_dev` FROM `onethink_menu` WHERE ( `pid` = 0 ) ORDER BY sort asc,id asc  [ RunTime:0.000000s ]
INFO: [ view_parse ] --START--
INFO: [ template_filter ] --START--
INFO: Run Behavior\ContentReplace [ RunTime:0.000000s ]
INFO: [ template_filter ] --END-- [ RunTime:0.000000s ]
INFO: Run Behavior\ParseTemplate [ RunTime:0.027002s ]
INFO: [ view_parse ] --END-- [ RunTime:0.027002s ]
INFO: [ view_filter ] --START--
INFO: Run Behavior\WriteHtmlCache [ RunTime:0.001000s ]
INFO: [ view_filter ] --END-- [ RunTime:0.001000s ]
INFO: [ app_end ] --START--
INFO: Run Behavior\ShowPageTrace [ RunTime:0.000000s ]
INFO: [ app_end ] --END-- [ RunTime:0.001000s ]

[ 2017-05-02T09:11:03+08:00 ] 127.0.0.1 /index.php?s=/Admin/Menu/index/pid/123.html
SQL: SHOW COLUMNS FROM `onethink_menu` [ RunTime:0.006000s ]
SQL: SELECT * FROM `onethink_menu` WHERE ( `pid` = 0 ) AND ( `hide` = 0 ) ORDER BY sort asc  [ RunTime:0.000000s ]
SQL: SELECT `id` FROM `onethink_menu` WHERE ( url like 'Menu/index%' ) LIMIT 1   [ RunTime:0.000000s ]
SQL: SHOW COLUMNS FROM `onethink_menu` [ RunTime:0.007000s ]
SQL: SELECT `id`,`pid`,`title` FROM `onethink_menu` WHERE ( id=75 ) LIMIT 1   [ RunTime:0.000000s ]
SQL: SELECT `id`,`pid`,`title` FROM `onethink_menu` WHERE ( id=68 ) LIMIT 1   [ RunTime:0.001001s ]
SQL: SELECT DISTINCT  `group` FROM `onethink_menu` WHERE ( pid = 68 )  [ RunTime:0.000000s ]
SQL: SELECT `id`,`url` FROM `onethink_menu` WHERE ( `pid` = 68 ) AND ( `hide` = 0 )  [ RunTime:0.001000s ]
SQL: SELECT `id`,`pid`,`title`,`url`,`tip` FROM `onethink_menu` WHERE ( `group` = '系统设置' ) AND ( `pid` = 68 ) AND ( `hide` = 0 ) ORDER BY sort asc  [ RunTime:0.000000s ]
SQL: SELECT `id`,`pid`,`title`,`url`,`tip` FROM `onethink_menu` WHERE ( `group` = '' ) AND ( `pid` = 68 ) AND ( `hide` = 0 ) ORDER BY sort asc  [ RunTime:0.000000s ]
SQL: SELECT `id`,`pid`,`title`,`url`,`tip` FROM `onethink_menu` WHERE ( `group` = '数据备份' ) AND ( `pid` = 68 ) AND ( `hide` = 0 ) ORDER BY sort asc  [ RunTime:0.000000s ]
SQL: SELECT `id`,`title`,`pid`,`sort`,`url`,`hide`,`tip`,`group`,`is_dev` FROM `onethink_menu` WHERE ( id=123 ) LIMIT 1   [ RunTime:0.001000s ]
SQL: SELECT `id`,`title` FROM `onethink_menu`  [ RunTime:0.000000s ]
SQL: SELECT `id`,`title`,`pid`,`sort`,`url`,`hide`,`tip`,`group`,`is_dev` FROM `onethink_menu` WHERE ( `pid` = 123 ) ORDER BY sort asc,id asc  [ RunTime:0.001000s ]
INFO: [ view_parse ] --START--
INFO: [ template_filter ] --START--
INFO: Run Behavior\ContentReplace [ RunTime:0.001000s ]
INFO: [ template_filter ] --END-- [ RunTime:0.001000s ]
INFO: Run Behavior\ParseTemplate [ RunTime:0.018001s ]
INFO: [ view_parse ] --END-- [ RunTime:0.018001s ]
INFO: [ view_filter ] --START--
INFO: Run Behavior\WriteHtmlCache [ RunTime:0.000000s ]
INFO: [ view_filter ] --END-- [ RunTime:0.001000s ]
INFO: [ app_end ] --START--
INFO: Run Behavior\ShowPageTrace [ RunTime:0.000000s ]
INFO: [ app_end ] --END-- [ RunTime:0.001000s ]

[ 2017-05-02T09:11:04+08:00 ] 127.0.0.1 /index.php?s=/Admin/Menu/add/pid/123.html
SQL: SHOW COLUMNS FROM `onethink_menu` [ RunTime:0.007000s ]
SQL: SELECT * FROM `onethink_menu` WHERE ( `pid` = 0 ) AND ( `hide` = 0 ) ORDER BY sort asc  [ RunTime:0.001000s ]
SQL: SELECT `id` FROM `onethink_menu` WHERE ( url like 'Menu/add%' ) LIMIT 1   [ RunTime:0.000000s ]
SQL: SHOW COLUMNS FROM `onethink_menu` [ RunTime:0.006001s ]
SQL: SELECT `id`,`pid`,`title` FROM `onethink_menu` WHERE ( id=96 ) LIMIT 1   [ RunTime:0.000000s ]
SQL: SELECT `id`,`pid`,`title` FROM `onethink_menu` WHERE ( id=75 ) LIMIT 1   [ RunTime:0.000000s ]
SQL: SELECT `id`,`pid`,`title` FROM `onethink_menu` WHERE ( id=68 ) LIMIT 1   [ RunTime:0.001000s ]
SQL: SELECT DISTINCT  `group` FROM `onethink_menu` WHERE ( pid = 68 )  [ RunTime:0.000000s ]
SQL: SELECT `id`,`url` FROM `onethink_menu` WHERE ( `pid` = 68 ) AND ( `hide` = 0 )  [ RunTime:0.001000s ]
SQL: SELECT `id`,`pid`,`title`,`url`,`tip` FROM `onethink_menu` WHERE ( `group` = '系统设置' ) AND ( `pid` = 68 ) AND ( `hide` = 0 ) ORDER BY sort asc  [ RunTime:0.000000s ]
SQL: SELECT `id`,`pid`,`title`,`url`,`tip` FROM `onethink_menu` WHERE ( `group` = '' ) AND ( `pid` = 68 ) AND ( `hide` = 0 ) ORDER BY sort asc  [ RunTime:0.000000s ]
SQL: SELECT `id`,`pid`,`title`,`url`,`tip` FROM `onethink_menu` WHERE ( `group` = '数据备份' ) AND ( `pid` = 68 ) AND ( `hide` = 0 ) ORDER BY sort asc  [ RunTime:0.001000s ]
SQL: SELECT `id`,`title`,`pid`,`sort`,`url`,`hide`,`tip`,`group`,`is_dev` FROM `onethink_menu`  [ RunTime:0.001000s ]
INFO: [ view_parse ] --START--
INFO: [ template_filter ] --START--
INFO: Run Behavior\ContentReplace [ RunTime:0.000000s ]
INFO: [ template_filter ] --END-- [ RunTime:0.000000s ]
INFO: Run Behavior\ParseTemplate [ RunTime:0.026001s ]
INFO: [ view_parse ] --END-- [ RunTime:0.026001s ]
INFO: [ view_filter ] --START--
INFO: Run Behavior\WriteHtmlCache [ RunTime:0.000000s ]
INFO: [ view_filter ] --END-- [ RunTime:0.000000s ]
INFO: [ app_end ] --START--
INFO: Run Behavior\ShowPageTrace [ RunTime:0.001000s ]
INFO: [ app_end ] --END-- [ RunTime:0.001000s ]

[ 2017-05-02T09:11:13+08:00 ] 127.0.0.1 /index.php?s=/Admin/Menu/add.html
INFO: [ app_begin ] --START--
INFO: Run Behavior\ReadHtmlCache [ RunTime:0.000000s ]
INFO: [ app_begin ] --END-- [ RunTime:0.001000s ]
SQL: SHOW COLUMNS FROM `onethink_menu` [ RunTime:0.007001s ]
SQL: SELECT * FROM `onethink_menu` WHERE ( `pid` = 0 ) AND ( `hide` = 0 ) ORDER BY sort asc  [ RunTime:0.000000s ]
SQL: SELECT `id` FROM `onethink_menu` WHERE ( url like 'Menu/add%' ) LIMIT 1   [ RunTime:0.001000s ]
SQL: SHOW COLUMNS FROM `onethink_menu` [ RunTime:0.007000s ]
SQL: SELECT `id`,`pid`,`title` FROM `onethink_menu` WHERE ( id=96 ) LIMIT 1   [ RunTime:0.001000s ]
SQL: SELECT `id`,`pid`,`title` FROM `onethink_menu` WHERE ( id=75 ) LIMIT 1   [ RunTime:0.000000s ]
SQL: SELECT `id`,`pid`,`title` FROM `onethink_menu` WHERE ( id=68 ) LIMIT 1   [ RunTime:0.001000s ]
SQL: SELECT DISTINCT  `group` FROM `onethink_menu` WHERE ( pid = 68 )  [ RunTime:0.000000s ]
SQL: SELECT `id`,`url` FROM `onethink_menu` WHERE ( `pid` = 68 ) AND ( `hide` = 0 )  [ RunTime:0.000000s ]
SQL: SELECT `id`,`pid`,`title`,`url`,`tip` FROM `onethink_menu` WHERE ( `group` = '系统设置' ) AND ( `pid` = 68 ) AND ( `hide` = 0 ) ORDER BY sort asc  [ RunTime:0.000000s ]
SQL: SELECT `id`,`pid`,`title`,`url`,`tip` FROM `onethink_menu` WHERE ( `group` = '' ) AND ( `pid` = 68 ) AND ( `hide` = 0 ) ORDER BY sort asc  [ RunTime:0.000000s ]
SQL: SELECT `id`,`pid`,`title`,`url`,`tip` FROM `onethink_menu` WHERE ( `group` = '数据备份' ) AND ( `pid` = 68 ) AND ( `hide` = 0 ) ORDER BY sort asc  [ RunTime:0.001000s ]

[ 2017-05-02T09:12:10+08:00 ] 127.0.0.1 /index.php?s=/Admin/Menu/add.html
INFO: [ app_begin ] --START--
INFO: Run Behavior\ReadHtmlCache [ RunTime:0.000000s ]
INFO: [ app_begin ] --END-- [ RunTime:0.001000s ]
SQL: SHOW COLUMNS FROM `onethink_menu` [ RunTime:0.006001s ]
SQL: SELECT * FROM `onethink_menu` WHERE ( `pid` = 0 ) AND ( `hide` = 0 ) ORDER BY sort asc  [ RunTime:0.000000s ]
SQL: SELECT `id` FROM `onethink_menu` WHERE ( url like 'Menu/add%' ) LIMIT 1   [ RunTime:0.001000s ]
SQL: SHOW COLUMNS FROM `onethink_menu` [ RunTime:0.007000s ]
SQL: SELECT `id`,`pid`,`title` FROM `onethink_menu` WHERE ( id=96 ) LIMIT 1   [ RunTime:0.001000s ]
SQL: SELECT `id`,`pid`,`title` FROM `onethink_menu` WHERE ( id=75 ) LIMIT 1   [ RunTime:0.000000s ]
SQL: SELECT `id`,`pid`,`title` FROM `onethink_menu` WHERE ( id=68 ) LIMIT 1   [ RunTime:0.000000s ]
SQL: SELECT DISTINCT  `group` FROM `onethink_menu` WHERE ( pid = 68 )  [ RunTime:0.001000s ]
SQL: SELECT `id`,`url` FROM `onethink_menu` WHERE ( `pid` = 68 ) AND ( `hide` = 0 )  [ RunTime:0.001000s ]
SQL: SELECT `id`,`pid`,`title`,`url`,`tip` FROM `onethink_menu` WHERE ( `group` = '系统设置' ) AND ( `pid` = 68 ) AND ( `hide` = 0 ) ORDER BY sort asc  [ RunTime:0.000000s ]
SQL: SELECT `id`,`pid`,`title`,`url`,`tip` FROM `onethink_menu` WHERE ( `group` = '' ) AND ( `pid` = 68 ) AND ( `hide` = 0 ) ORDER BY sort asc  [ RunTime:0.000000s ]
SQL: SELECT `id`,`pid`,`title`,`url`,`tip` FROM `onethink_menu` WHERE ( `group` = '数据备份' ) AND ( `pid` = 68 ) AND ( `hide` = 0 ) ORDER BY sort asc  [ RunTime:0.000000s ]
SQL: INSERT INTO `onethink_menu` (`title`,`sort`,`url`,`pid`,`group`,`hide`,`is_dev`,`tip`,`id`) VALUES ('小区活动',0,'active/index',123,'',0,0,'',0) [ RunTime:0.000000s ]
SQL: SHOW COLUMNS FROM `onethink_action` [ RunTime:0.007000s ]
SQL: SELECT * FROM `onethink_action` WHERE ( `name` = 'update_menu' ) LIMIT 1   [ RunTime:0.000000s ]
SQL: SHOW COLUMNS FROM `onethink_action_log` [ RunTime:0.007000s ]
SQL: INSERT INTO `onethink_action_log` (`action_id`,`user_id`,`action_ip`,`model`,`record_id`,`create_time`,`remark`) VALUES (10,1,2130706433,'Menu',125,1493687530,'操作url：/index.php?s=/Admin/Menu/add.html') [ RunTime:0.000000s ]

[ 2017-05-02T09:12:12+08:00 ] 127.0.0.1 /index.php?s=/Admin/Menu/index/pid/123.html
SQL: SHOW COLUMNS FROM `onethink_menu` [ RunTime:0.007001s ]
SQL: SELECT * FROM `onethink_menu` WHERE ( `pid` = 0 ) AND ( `hide` = 0 ) ORDER BY sort asc  [ RunTime:0.000000s ]
SQL: SELECT `id` FROM `onethink_menu` WHERE ( url like 'Menu/index%' ) LIMIT 1   [ RunTime:0.000000s ]
SQL: SHOW COLUMNS FROM `onethink_menu` [ RunTime:0.006000s ]
SQL: SELECT `id`,`pid`,`title` FROM `onethink_menu` WHERE ( id=75 ) LIMIT 1   [ RunTime:0.001000s ]
SQL: SELECT `id`,`pid`,`title` FROM `onethink_menu` WHERE ( id=68 ) LIMIT 1   [ RunTime:0.000000s ]
SQL: SELECT DISTINCT  `group` FROM `onethink_menu` WHERE ( pid = 68 )  [ RunTime:0.001000s ]
SQL: SELECT `id`,`url` FROM `onethink_menu` WHERE ( `pid` = 68 ) AND ( `hide` = 0 )  [ RunTime:0.000000s ]
SQL: SELECT `id`,`pid`,`title`,`url`,`tip` FROM `onethink_menu` WHERE ( `group` = '系统设置' ) AND ( `pid` = 68 ) AND ( `hide` = 0 ) ORDER BY sort asc  [ RunTime:0.000000s ]
SQL: SELECT `id`,`pid`,`title`,`url`,`tip` FROM `onethink_menu` WHERE ( `group` = '' ) AND ( `pid` = 68 ) AND ( `hide` = 0 ) ORDER BY sort asc  [ RunTime:0.000000s ]
SQL: SELECT `id`,`pid`,`title`,`url`,`tip` FROM `onethink_menu` WHERE ( `group` = '数据备份' ) AND ( `pid` = 68 ) AND ( `hide` = 0 ) ORDER BY sort asc  [ RunTime:0.000000s ]
SQL: SELECT `id`,`title`,`pid`,`sort`,`url`,`hide`,`tip`,`group`,`is_dev` FROM `onethink_menu` WHERE ( id=123 ) LIMIT 1   [ RunTime:0.000000s ]
SQL: SELECT `id`,`title` FROM `onethink_menu`  [ RunTime:0.000000s ]
SQL: SELECT `id`,`title`,`pid`,`sort`,`url`,`hide`,`tip`,`group`,`is_dev` FROM `onethink_menu` WHERE ( `pid` = 123 ) ORDER BY sort asc,id asc  [ RunTime:0.001000s ]
INFO: [ view_parse ] --START--
INFO: [ template_filter ] --START--
INFO: Run Behavior\ContentReplace [ RunTime:0.000000s ]
INFO: [ template_filter ] --END-- [ RunTime:0.001000s ]
INFO: Run Behavior\ParseTemplate [ RunTime:0.017001s ]
INFO: [ view_parse ] --END-- [ RunTime:0.017001s ]
INFO: [ view_filter ] --START--
INFO: Run Behavior\WriteHtmlCache [ RunTime:0.001000s ]
INFO: [ view_filter ] --END-- [ RunTime:0.001000s ]
INFO: [ app_end ] --START--
INFO: Run Behavior\ShowPageTrace [ RunTime:0.000000s ]
INFO: [ app_end ] --END-- [ RunTime:0.001000s ]

[ 2017-05-02T09:12:16+08:00 ] 127.0.0.1 /index.php?s=/Admin/Menu/edit/id/125.html
SQL: SHOW COLUMNS FROM `onethink_menu` [ RunTime:0.006000s ]
SQL: SELECT * FROM `onethink_menu` WHERE ( `pid` = 0 ) AND ( `hide` = 0 ) ORDER BY sort asc  [ RunTime:0.001000s ]
SQL: SELECT `id` FROM `onethink_menu` WHERE ( url like 'Menu/edit%' ) LIMIT 1   [ RunTime:0.000000s ]
SQL: SHOW COLUMNS FROM `onethink_menu` [ RunTime:0.006001s ]
SQL: SELECT `id`,`pid`,`title` FROM `onethink_menu` WHERE ( id=98 ) LIMIT 1   [ RunTime:0.001000s ]
SQL: SELECT `id`,`pid`,`title` FROM `onethink_menu` WHERE ( id=75 ) LIMIT 1   [ RunTime:0.000000s ]
SQL: SELECT `id`,`pid`,`title` FROM `onethink_menu` WHERE ( id=68 ) LIMIT 1   [ RunTime:0.000000s ]
SQL: SELECT DISTINCT  `group` FROM `onethink_menu` WHERE ( pid = 68 )  [ RunTime:0.001000s ]
SQL: SELECT `id`,`url` FROM `onethink_menu` WHERE ( `pid` = 68 ) AND ( `hide` = 0 )  [ RunTime:0.000000s ]
SQL: SELECT `id`,`pid`,`title`,`url`,`tip` FROM `onethink_menu` WHERE ( `group` = '系统设置' ) AND ( `pid` = 68 ) AND ( `hide` = 0 ) ORDER BY sort asc  [ RunTime:0.001000s ]
SQL: SELECT `id`,`pid`,`title`,`url`,`tip` FROM `onethink_menu` WHERE ( `group` = '' ) AND ( `pid` = 68 ) AND ( `hide` = 0 ) ORDER BY sort asc  [ RunTime:0.000000s ]
SQL: SELECT `id`,`pid`,`title`,`url`,`tip` FROM `onethink_menu` WHERE ( `group` = '数据备份' ) AND ( `pid` = 68 ) AND ( `hide` = 0 ) ORDER BY sort asc  [ RunTime:0.000000s ]
SQL: SELECT `id`,`title`,`pid`,`sort`,`url`,`hide`,`tip`,`group`,`is_dev` FROM `onethink_menu` WHERE ( `id` = 125 ) LIMIT 1   [ RunTime:0.000000s ]
SQL: SELECT `id`,`title`,`pid`,`sort`,`url`,`hide`,`tip`,`group`,`is_dev` FROM `onethink_menu`  [ RunTime:0.001000s ]
INFO: [ view_parse ] --START--
INFO: [ template_filter ] --START--
INFO: Run Behavior\ContentReplace [ RunTime:0.000000s ]
INFO: [ template_filter ] --END-- [ RunTime:0.000000s ]
INFO: Run Behavior\ParseTemplate [ RunTime:0.017001s ]
INFO: [ view_parse ] --END-- [ RunTime:0.017001s ]
INFO: [ view_filter ] --START--
INFO: Run Behavior\WriteHtmlCache [ RunTime:0.000000s ]
INFO: [ view_filter ] --END-- [ RunTime:0.000000s ]
INFO: [ app_end ] --START--
INFO: Run Behavior\ShowPageTrace [ RunTime:0.001000s ]
INFO: [ app_end ] --END-- [ RunTime:0.001000s ]

[ 2017-05-02T09:12:25+08:00 ] 127.0.0.1 /index.php?s=/Admin/Menu/edit.html
INFO: [ app_begin ] --START--
INFO: Run Behavior\ReadHtmlCache [ RunTime:0.000000s ]
INFO: [ app_begin ] --END-- [ RunTime:0.001000s ]
SQL: SHOW COLUMNS FROM `onethink_menu` [ RunTime:0.007001s ]
SQL: SELECT * FROM `onethink_menu` WHERE ( `pid` = 0 ) AND ( `hide` = 0 ) ORDER BY sort asc  [ RunTime:0.000000s ]
SQL: SELECT `id` FROM `onethink_menu` WHERE ( url like 'Menu/edit%' ) LIMIT 1   [ RunTime:0.001000s ]
SQL: SHOW COLUMNS FROM `onethink_menu` [ RunTime:0.006000s ]
SQL: SELECT `id`,`pid`,`title` FROM `onethink_menu` WHERE ( id=98 ) LIMIT 1   [ RunTime:0.000000s ]
SQL: SELECT `id`,`pid`,`title` FROM `onethink_menu` WHERE ( id=75 ) LIMIT 1   [ RunTime:0.000000s ]
SQL: SELECT `id`,`pid`,`title` FROM `onethink_menu` WHERE ( id=68 ) LIMIT 1   [ RunTime:0.001000s ]
SQL: SELECT DISTINCT  `group` FROM `onethink_menu` WHERE ( pid = 68 )  [ RunTime:0.000000s ]
SQL: SELECT `id`,`url` FROM `onethink_menu` WHERE ( `pid` = 68 ) AND ( `hide` = 0 )  [ RunTime:0.000000s ]
SQL: SELECT `id`,`pid`,`title`,`url`,`tip` FROM `onethink_menu` WHERE ( `group` = '系统设置' ) AND ( `pid` = 68 ) AND ( `hide` = 0 ) ORDER BY sort asc  [ RunTime:0.001000s ]
SQL: SELECT `id`,`pid`,`title`,`url`,`tip` FROM `onethink_menu` WHERE ( `group` = '' ) AND ( `pid` = 68 ) AND ( `hide` = 0 ) ORDER BY sort asc  [ RunTime:0.001000s ]
SQL: SELECT `id`,`pid`,`title`,`url`,`tip` FROM `onethink_menu` WHERE ( `group` = '数据备份' ) AND ( `pid` = 68 ) AND ( `hide` = 0 ) ORDER BY sort asc  [ RunTime:0.000000s ]
SQL: UPDATE `onethink_menu` SET `title`='小区活动',`sort`=0,`url`='active/index',`pid`=123,`group`='物业管理',`hide`=0,`is_dev`=0,`tip`='' WHERE ( `id` = 125 ) [ RunTime:0.000000s ]
SQL: SHOW COLUMNS FROM `onethink_action` [ RunTime:0.006000s ]
SQL: SELECT * FROM `onethink_action` WHERE ( `name` = 'update_menu' ) LIMIT 1   [ RunTime:0.000000s ]
SQL: SHOW COLUMNS FROM `onethink_action_log` [ RunTime:0.006001s ]
SQL: INSERT INTO `onethink_action_log` (`action_id`,`user_id`,`action_ip`,`model`,`record_id`,`create_time`,`remark`) VALUES (10,1,2130706433,'Menu',125,1493687545,'操作url：/index.php?s=/Admin/Menu/edit.html') [ RunTime:0.001000s ]

[ 2017-05-02T09:12:27+08:00 ] 127.0.0.1 /index.php?s=/Admin/Menu/index/pid/123.html
SQL: SHOW COLUMNS FROM `onethink_menu` [ RunTime:0.007001s ]
SQL: SELECT * FROM `onethink_menu` WHERE ( `pid` = 0 ) AND ( `hide` = 0 ) ORDER BY sort asc  [ RunTime:0.001000s ]
SQL: SELECT `id` FROM `onethink_menu` WHERE ( url like 'Menu/index%' ) LIMIT 1   [ RunTime:0.000000s ]
SQL: SHOW COLUMNS FROM `onethink_menu` [ RunTime:0.006000s ]
SQL: SELECT `id`,`pid`,`title` FROM `onethink_menu` WHERE ( id=75 ) LIMIT 1   [ RunTime:0.001000s ]
SQL: SELECT `id`,`pid`,`title` FROM `onethink_menu` WHERE ( id=68 ) LIMIT 1   [ RunTime:0.000000s ]
SQL: SELECT DISTINCT  `group` FROM `onethink_menu` WHERE ( pid = 68 )  [ RunTime:0.001000s ]
SQL: SELECT `id`,`url` FROM `onethink_menu` WHERE ( `pid` = 68 ) AND ( `hide` = 0 )  [ RunTime:0.000000s ]
SQL: SELECT `id`,`pid`,`title`,`url`,`tip` FROM `onethink_menu` WHERE ( `group` = '系统设置' ) AND ( `pid` = 68 ) AND ( `hide` = 0 ) ORDER BY sort asc  [ RunTime:0.001000s ]
SQL: SELECT `id`,`pid`,`title`,`url`,`tip` FROM `onethink_menu` WHERE ( `group` = '' ) AND ( `pid` = 68 ) AND ( `hide` = 0 ) ORDER BY sort asc  [ RunTime:0.000000s ]
SQL: SELECT `id`,`pid`,`title`,`url`,`tip` FROM `onethink_menu` WHERE ( `group` = '数据备份' ) AND ( `pid` = 68 ) AND ( `hide` = 0 ) ORDER BY sort asc  [ RunTime:0.000000s ]
SQL: SELECT `id`,`title`,`pid`,`sort`,`url`,`hide`,`tip`,`group`,`is_dev` FROM `onethink_menu` WHERE ( id=123 ) LIMIT 1   [ RunTime:0.000000s ]
SQL: SELECT `id`,`title` FROM `onethink_menu`  [ RunTime:0.001000s ]
SQL: SELECT `id`,`title`,`pid`,`sort`,`url`,`hide`,`tip`,`group`,`is_dev` FROM `onethink_menu` WHERE ( `pid` = 123 ) ORDER BY sort asc,id asc  [ RunTime:0.001000s ]
INFO: [ view_parse ] --START--
INFO: [ template_filter ] --START--
INFO: Run Behavior\ContentReplace [ RunTime:0.000000s ]
INFO: [ template_filter ] --END-- [ RunTime:0.000000s ]
INFO: Run Behavior\ParseTemplate [ RunTime:0.018001s ]
INFO: [ view_parse ] --END-- [ RunTime:0.018001s ]
INFO: [ view_filter ] --START--
INFO: Run Behavior\WriteHtmlCache [ RunTime:0.001000s ]
INFO: [ view_filter ] --END-- [ RunTime:0.001000s ]
INFO: [ app_end ] --START--
INFO: Run Behavior\ShowPageTrace [ RunTime:0.001000s ]
INFO: [ app_end ] --END-- [ RunTime:0.001000s ]

[ 2017-05-02T09:12:28+08:00 ] 127.0.0.1 /index.php?s=/Admin/Manager/index.html
SQL: SHOW COLUMNS FROM `onethink_menu` [ RunTime:0.006000s ]
SQL: SELECT * FROM `onethink_menu` WHERE ( `pid` = 0 ) AND ( `hide` = 0 ) ORDER BY sort asc  [ RunTime:0.000000s ]
SQL: SELECT `id` FROM `onethink_menu` WHERE ( url like 'Manager/index%' ) LIMIT 1   [ RunTime:0.000000s ]
SQL: SHOW COLUMNS FROM `onethink_menu` [ RunTime:0.006000s ]
SQL: SELECT `id`,`pid`,`title` FROM `onethink_menu` WHERE ( id=123 ) LIMIT 1   [ RunTime:0.001000s ]
SQL: SELECT DISTINCT  `group` FROM `onethink_menu` WHERE ( pid = 123 )  [ RunTime:0.000000s ]
SQL: SELECT `id`,`url` FROM `onethink_menu` WHERE ( `pid` = 123 ) AND ( `hide` = 0 )  [ RunTime:0.001001s ]
SQL: SELECT `id`,`pid`,`title`,`url`,`tip` FROM `onethink_menu` WHERE ( `group` = '物业管理' ) AND ( `pid` = 123 ) AND ( `hide` = 0 ) ORDER BY sort asc  [ RunTime:0.000000s ]
SQL: SHOW COLUMNS FROM `onethink_repair` [ RunTime:0.006000s ]
SQL: SELECT COUNT(*) AS tp_count FROM `onethink_repair` LIMIT 1   [ RunTime:0.000000s ]
SQL: SELECT * FROM `onethink_repair` LIMIT 0,2   [ RunTime:0.001001s ]
INFO: [ view_parse ] --START--
INFO: [ template_filter ] --START--
INFO: Run Behavior\ContentReplace [ RunTime:0.001000s ]
INFO: [ template_filter ] --END-- [ RunTime:0.001000s ]
NOTIC: [8] Use of undefined constant status - assumed 'status' E:\onethink\Runtime\Cache\Admin\71667e699eae66b4954cb62aa6e05a39.php 第 126 行.
NOTIC: [8] Undefined variable: pid E:\onethink\Runtime\Cache\Admin\71667e699eae66b4954cb62aa6e05a39.php 第 128 行.
NOTIC: [8] Use of undefined constant status - assumed 'status' E:\onethink\Runtime\Cache\Admin\71667e699eae66b4954cb62aa6e05a39.php 第 126 行.
NOTIC: [8] Undefined variable: pid E:\onethink\Runtime\Cache\Admin\71667e699eae66b4954cb62aa6e05a39.php 第 128 行.
INFO: Run Behavior\ParseTemplate [ RunTime:0.039003s ]
INFO: [ view_parse ] --END-- [ RunTime:0.039003s ]
INFO: [ view_filter ] --START--
INFO: Run Behavior\WriteHtmlCache [ RunTime:0.001000s ]
INFO: [ view_filter ] --END-- [ RunTime:0.001000s ]
INFO: [ app_end ] --START--
INFO: Run Behavior\ShowPageTrace [ RunTime:0.001000s ]
INFO: [ app_end ] --END-- [ RunTime:0.001000s ]

[ 2017-05-02T09:12:29+08:00 ] 127.0.0.1 /index.php?s=/Admin/active/index.html
ERR: 无法加载控制器:Active

[ 2017-05-02T09:15:03+08:00 ] 127.0.0.1 /index.php?s=/Admin/Manager/index.html
SQL: SHOW COLUMNS FROM `onethink_menu` [ RunTime:0.009001s ]
SQL: SELECT * FROM `onethink_menu` WHERE ( `pid` = 0 ) AND ( `hide` = 0 ) ORDER BY sort asc  [ RunTime:0.000000s ]
SQL: SELECT `id` FROM `onethink_menu` WHERE ( url like 'Manager/index%' ) LIMIT 1   [ RunTime:0.000000s ]
SQL: SHOW COLUMNS FROM `onethink_menu` [ RunTime:0.007001s ]
SQL: SELECT `id`,`pid`,`title` FROM `onethink_menu` WHERE ( id=123 ) LIMIT 1   [ RunTime:0.000000s ]
SQL: SELECT DISTINCT  `group` FROM `onethink_menu` WHERE ( pid = 123 )  [ RunTime:0.000000s ]
SQL: SELECT `id`,`url` FROM `onethink_menu` WHERE ( `pid` = 123 ) AND ( `hide` = 0 )  [ RunTime:0.001000s ]
SQL: SELECT `id`,`pid`,`title`,`url`,`tip` FROM `onethink_menu` WHERE ( `group` = '物业管理' ) AND ( `pid` = 123 ) AND ( `hide` = 0 ) ORDER BY sort asc  [ RunTime:0.001000s ]
SQL: SHOW COLUMNS FROM `onethink_repair` [ RunTime:0.006000s ]
SQL: SELECT COUNT(*) AS tp_count FROM `onethink_repair` LIMIT 1   [ RunTime:0.000000s ]
SQL: SELECT * FROM `onethink_repair` LIMIT 0,2   [ RunTime:0.000000s ]
INFO: [ view_parse ] --START--
INFO: [ template_filter ] --START--
INFO: Run Behavior\ContentReplace [ RunTime:0.000000s ]
INFO: [ template_filter ] --END-- [ RunTime:0.000000s ]
NOTIC: [8] Use of undefined constant status - assumed 'status' E:\onethink\Runtime\Cache\Admin\71667e699eae66b4954cb62aa6e05a39.php 第 126 行.
NOTIC: [8] Undefined variable: pid E:\onethink\Runtime\Cache\Admin\71667e699eae66b4954cb62aa6e05a39.php 第 128 行.
NOTIC: [8] Use of undefined constant status - assumed 'status' E:\onethink\Runtime\Cache\Admin\71667e699eae66b4954cb62aa6e05a39.php 第 126 行.
NOTIC: [8] Undefined variable: pid E:\onethink\Runtime\Cache\Admin\71667e699eae66b4954cb62aa6e05a39.php 第 128 行.
INFO: Run Behavior\ParseTemplate [ RunTime:0.027002s ]
INFO: [ view_parse ] --END-- [ RunTime:0.027002s ]
INFO: [ view_filter ] --START--
INFO: Run Behavior\WriteHtmlCache [ RunTime:0.009000s ]
INFO: [ view_filter ] --END-- [ RunTime:0.009000s ]
INFO: [ app_end ] --START--
INFO: Run Behavior\ShowPageTrace [ RunTime:0.034002s ]
INFO: [ app_end ] --END-- [ RunTime:0.034002s ]

[ 2017-05-02T09:15:29+08:00 ] 127.0.0.1 /index.php?s=/Admin/active/index.html
SQL: SHOW COLUMNS FROM `onethink_menu` [ RunTime:0.007000s ]
SQL: SELECT * FROM `onethink_menu` WHERE ( `pid` = 0 ) AND ( `hide` = 0 ) ORDER BY sort asc  [ RunTime:0.000000s ]
SQL: SELECT `id` FROM `onethink_menu` WHERE ( url like 'Active/index%' ) LIMIT 1   [ RunTime:0.001000s ]
SQL: SHOW COLUMNS FROM `onethink_menu` [ RunTime:0.006000s ]
SQL: SELECT `id`,`pid`,`title` FROM `onethink_menu` WHERE ( id=125 ) LIMIT 1   [ RunTime:0.000000s ]
SQL: SELECT `id`,`pid`,`title` FROM `onethink_menu` WHERE ( id=123 ) LIMIT 1   [ RunTime:0.000000s ]
SQL: SELECT DISTINCT  `group` FROM `onethink_menu` WHERE ( pid = 123 )  [ RunTime:0.000000s ]
SQL: SELECT `id`,`url` FROM `onethink_menu` WHERE ( `pid` = 123 ) AND ( `hide` = 0 )  [ RunTime:0.000000s ]
SQL: SELECT `id`,`pid`,`title`,`url`,`tip` FROM `onethink_menu` WHERE ( `group` = '物业管理' ) AND ( `pid` = 123 ) AND ( `hide` = 0 ) ORDER BY sort asc  [ RunTime:0.000000s ]
SQL: SHOW COLUMNS FROM `onethink_activity` [ RunTime:0.006000s ]
SQL: SELECT * FROM `onethink_activity`  [ RunTime:0.000000s ]
SQL: SHOW COLUMNS FROM `onethink_document` [ RunTime:0.006000s ]
SQL: SELECT * FROM `onethink_document` WHERE ( `id` = 9 )  [ RunTime:0.001000s ]
SQL: SHOW COLUMNS FROM `onethink_member` [ RunTime:0.007000s ]
SQL: SELECT * FROM `onethink_member` WHERE ( `uid` = 1 )  [ RunTime:0.000000s ]
INFO: [ view_parse ] --START--
INFO: [ template_filter ] --START--
INFO: Run Behavior\ContentReplace [ RunTime:0.000000s ]
INFO: [ template_filter ] --END-- [ RunTime:0.000000s ]
NOTIC: [8] Undefined variable: meta_title E:\onethink\Runtime\Cache\Admin\3c0d39ab558fc9e705f0c3fd2b53ed7a.php 第 5 行.
NOTIC: [8] Undefined variable: page E:\onethink\Runtime\Cache\Admin\3c0d39ab558fc9e705f0c3fd2b53ed7a.php 第 142 行.
INFO: Run Behavior\ParseTemplate [ RunTime:0.064004s ]
INFO: [ view_parse ] --END-- [ RunTime:0.064004s ]
INFO: [ view_filter ] --START--
INFO: Run Behavior\WriteHtmlCache [ RunTime:0.000000s ]
INFO: [ view_filter ] --END-- [ RunTime:0.001000s ]
INFO: [ app_end ] --START--
INFO: Run Behavior\ShowPageTrace [ RunTime:0.001000s ]
INFO: [ app_end ] --END-- [ RunTime:0.001000s ]

[ 2017-05-02T09:21:46+08:00 ] 127.0.0.1 /index.php?s=/Admin/Article/mydocument.html
SQL: SHOW COLUMNS FROM `onethink_menu` [ RunTime:0.007000s ]
SQL: SELECT * FROM `onethink_menu` WHERE ( `pid` = 0 ) AND ( `hide` = 0 ) ORDER BY sort asc  [ RunTime:0.000000s ]
SQL: SELECT `id` FROM `onethink_menu` WHERE ( url like 'Article/mydocument%' ) LIMIT 1   [ RunTime:0.001000s ]
SQL: SHOW COLUMNS FROM `onethink_menu` [ RunTime:0.007001s ]
SQL: SELECT `id`,`pid`,`title` FROM `onethink_menu` WHERE ( id=2 ) LIMIT 1   [ RunTime:0.000000s ]
SQL: SELECT DISTINCT  `group` FROM `onethink_menu` WHERE ( pid = 2 )  [ RunTime:0.001000s ]
SQL: SELECT `id`,`url` FROM `onethink_menu` WHERE ( `pid` = 2 ) AND ( `hide` = 0 )  [ RunTime:0.000000s ]
SQL: SELECT `id`,`pid`,`title`,`url`,`tip` FROM `onethink_menu` WHERE ( `group` = '内容' ) AND ( `pid` = 2 ) AND ( `hide` = 0 ) ORDER BY sort asc  [ RunTime:0.000000s ]
SQL: SHOW COLUMNS FROM `onethink_auth_group_access` [ RunTime:0.005000s ]
SQL: SELECT `extend_id` FROM onethink_auth_group_access g INNER JOIN onethink_auth_extend c on g.group_id=c.group_id  WHERE ( g.uid='1' and c.type='1' and !isnull(extend_id) )  [ RunTime:0.000000s ]
SQL: SHOW COLUMNS FROM `onethink_category` [ RunTime:0.006000s ]
SQL: SELECT `id`,`title`,`pid`,`allow_publish` FROM `onethink_category` WHERE ( `status` = 1 ) ORDER BY pid,sort  [ RunTime:0.000000s ]
SQL: SHOW COLUMNS FROM `onethink_document` [ RunTime:0.007001s ]
SQL: SELECT COUNT(*) AS tp_count FROM `onethink_document` WHERE ( `status` IN ('0','1','2') ) AND ( `uid` = 1 ) AND ( `pid` = 0 ) LIMIT 1   [ RunTime:0.001000s ]
SQL: SELECT `id`,`uid`,`name`,`title`,`category_id`,`description`,`root`,`pid`,`model_id`,`type`,`position`,`link_id`,`cover_id`,`display`,`deadline`,`attach`,`view`,`comment`,`extend`,`level`,`create_time`,`update_time`,`status` FROM `onethink_document` WHERE ( `status` IN ('0','1','2') ) AND ( `uid` = 1 ) AND ( `pid` = 0 ) ORDER BY update_time desc LIMIT 0,1   [ RunTime:0.001000s ]
INFO: [ view_parse ] --START--
INFO: [ template_filter ] --START--
INFO: Run Behavior\ContentReplace [ RunTime:0.001000s ]
INFO: [ template_filter ] --END-- [ RunTime:0.001000s ]
SQL: SHOW COLUMNS FROM `onethink_document` [ RunTime:0.006000s ]
SQL: SELECT COUNT(*) AS tp_count FROM `onethink_document` WHERE ( pid=10 ) LIMIT 1   [ RunTime:0.001000s ]
SQL: SELECT `title` FROM `onethink_category` WHERE ( id=41 ) LIMIT 1   [ RunTime:0.000000s ]
INFO: Run Behavior\ParseTemplate [ RunTime:0.052003s ]
INFO: [ view_parse ] --END-- [ RunTime:0.052003s ]
INFO: [ view_filter ] --START--
INFO: Run Behavior\WriteHtmlCache [ RunTime:0.000000s ]
INFO: [ view_filter ] --END-- [ RunTime:0.000000s ]
INFO: [ app_end ] --START--
INFO: Run Behavior\ShowPageTrace [ RunTime:0.001000s ]
INFO: [ app_end ] --END-- [ RunTime:0.001000s ]

[ 2017-05-02T09:21:50+08:00 ] 127.0.0.1 /
SQL: SHOW COLUMNS FROM `onethink_category` [ RunTime:0.006000s ]
SQL: SELECT `id`,`name`,`title`,`pid`,`sort`,`list_row`,`meta_title`,`keywords`,`description`,`template_index`,`template_lists`,`template_detail`,`template_edit`,`model`,`type`,`link_id`,`allow_publish`,`display`,`reply`,`check`,`reply_model`,`extend`,`create_time`,`update_time`,`status`,`icon` FROM `onethink_category` WHERE ( `status` = 1 ) ORDER BY sort  [ RunTime:0.001000s ]
SQL: SHOW COLUMNS FROM `onethink_document` [ RunTime:0.007001s ]
SQL: SELECT `id`,`uid`,`name`,`title`,`category_id`,`description`,`root`,`pid`,`model_id`,`type`,`position`,`link_id`,`cover_id`,`display`,`deadline`,`attach`,`view`,`comment`,`extend`,`level`,`create_time`,`update_time`,`status` FROM `onethink_document` WHERE ( `status` = 1 ) AND ( `pid` = 0 ) AND ( `create_time` < 1493688110 ) AND ( deadline = 0 OR deadline > 1493688110 ) ORDER BY `id` DESC  [ RunTime:0.001000s ]
INFO: [ view_parse ] --START--
INFO: [ template_filter ] --START--
INFO: Run Behavior\ContentReplace [ RunTime:0.000000s ]
INFO: [ template_filter ] --END-- [ RunTime:0.000000s ]
INFO: Run Behavior\ParseTemplate [ RunTime:0.013000s ]
INFO: [ view_parse ] --END-- [ RunTime:0.013000s ]
INFO: [ view_filter ] --START--
INFO: Run Behavior\WriteHtmlCache [ RunTime:0.000000s ]
INFO: [ view_filter ] --END-- [ RunTime:0.000000s ]
INFO: [ app_end ] --START--
INFO: Run Behavior\ShowPageTrace [ RunTime:0.001000s ]
INFO: [ app_end ] --END-- [ RunTime:0.001000s ]

[ 2017-05-02T09:22:08+08:00 ] 127.0.0.1 /index.php?s=/Home/Index/shop.html
SQL: SHOW COLUMNS FROM `onethink_document` [ RunTime:0.006001s ]
SQL: SELECT * FROM `onethink_document` WHERE ( `category_id` = 41 ) LIMIT 0,1   [ RunTime:0.000000s ]
SQL: SHOW COLUMNS FROM `onethink_picture` [ RunTime:0.049003s ]
SQL: SELECT * FROM `onethink_picture` WHERE ( `status` = 1 ) AND ( `id` = 3 ) LIMIT 1   [ RunTime:0.011000s ]
INFO: [ view_parse ] --START--
INFO: [ template_filter ] --START--
INFO: Run Behavior\ContentReplace [ RunTime:0.000000s ]
INFO: [ template_filter ] --END-- [ RunTime:0.000000s ]
NOTIC: [8] A non well formed numeric value encountered E:\onethink\Runtime\Cache\Home\77fc53e5b7b09a3a559e252c18624635.php 第 56 行.
INFO: Run Behavior\ParseTemplate [ RunTime:0.011001s ]
INFO: [ view_parse ] --END-- [ RunTime:0.011001s ]
INFO: [ view_filter ] --START--
INFO: Run Behavior\WriteHtmlCache [ RunTime:0.000000s ]
INFO: [ view_filter ] --END-- [ RunTime:0.000000s ]
INFO: [ app_end ] --START--
INFO: Run Behavior\ShowPageTrace [ RunTime:0.001000s ]
INFO: [ app_end ] --END-- [ RunTime:0.001000s ]

[ 2017-05-02T09:22:11+08:00 ] 127.0.0.1 /index.php?s=/Home/Index/activity.html
SQL: SHOW COLUMNS FROM `onethink_document` [ RunTime:0.006001s ]
SQL: SELECT * FROM `onethink_document` WHERE ( `category_id` = 42 ) LIMIT 0,1   [ RunTime:0.000000s ]
SQL: SHOW COLUMNS FROM `onethink_picture` [ RunTime:0.006000s ]
SQL: SELECT * FROM `onethink_picture` WHERE ( `status` = 1 ) AND ( `id` = 4 ) LIMIT 1   [ RunTime:0.000000s ]
INFO: [ view_parse ] --START--
INFO: [ template_filter ] --START--
INFO: Run Behavior\ContentReplace [ RunTime:0.001000s ]
INFO: [ template_filter ] --END-- [ RunTime:0.001000s ]
NOTIC: [8] A non well formed numeric value encountered E:\onethink\Runtime\Cache\Home\094437578d332d41ee630fbcf602ac3a.php 第 56 行.
INFO: Run Behavior\ParseTemplate [ RunTime:0.011001s ]
INFO: [ view_parse ] --END-- [ RunTime:0.011001s ]
INFO: [ view_filter ] --START--
INFO: Run Behavior\WriteHtmlCache [ RunTime:0.000000s ]
INFO: [ view_filter ] --END-- [ RunTime:0.000000s ]
INFO: [ app_end ] --START--
INFO: Run Behavior\ShowPageTrace [ RunTime:0.001000s ]
INFO: [ app_end ] --END-- [ RunTime:0.001000s ]

[ 2017-05-02T09:22:13+08:00 ] 127.0.0.1 /index.php?s=/Home/index/activity.html
INFO: [ app_begin ] --START--
INFO: Run Behavior\ReadHtmlCache [ RunTime:0.000000s ]
INFO: [ app_begin ] --END-- [ RunTime:0.000000s ]
SQL: SHOW COLUMNS FROM `onethink_config` [ RunTime:0.006000s ]
SQL: SELECT `type`,`name`,`value` FROM `onethink_config` WHERE ( `status` = 1 )  [ RunTime:0.000000s ]
SQL: SHOW COLUMNS FROM `onethink_document` [ RunTime:0.007001s ]
SQL: SELECT * FROM `onethink_document` WHERE ( `category_id` = 42 ) LIMIT 1,1   [ RunTime:0.000000s ]
NOTIC: [2] Invalid argument supplied for foreach() E:\onethink\Application\Home\Controller\IndexController.class.php 第 80 行.

[ 2017-05-02T09:22:16+08:00 ] 127.0.0.1 /index.php?s=/Home/Index/shop.html
SQL: SHOW COLUMNS FROM `onethink_document` [ RunTime:0.007001s ]
SQL: SELECT * FROM `onethink_document` WHERE ( `category_id` = 41 ) LIMIT 0,1   [ RunTime:0.001000s ]
SQL: SHOW COLUMNS FROM `onethink_picture` [ RunTime:0.006000s ]
SQL: SELECT * FROM `onethink_picture` WHERE ( `status` = 1 ) AND ( `id` = 3 ) LIMIT 1   [ RunTime:0.001000s ]
INFO: [ view_parse ] --START--
INFO: [ template_filter ] --START--
INFO: Run Behavior\ContentReplace [ RunTime:0.000000s ]
INFO: [ template_filter ] --END-- [ RunTime:0.000000s ]
NOTIC: [8] A non well formed numeric value encountered E:\onethink\Runtime\Cache\Home\77fc53e5b7b09a3a559e252c18624635.php 第 56 行.
INFO: Run Behavior\ParseTemplate [ RunTime:0.011001s ]
INFO: [ view_parse ] --END-- [ RunTime:0.011001s ]
INFO: [ view_filter ] --START--
INFO: Run Behavior\WriteHtmlCache [ RunTime:0.000000s ]
INFO: [ view_filter ] --END-- [ RunTime:0.000000s ]
INFO: [ app_end ] --START--
INFO: Run Behavior\ShowPageTrace [ RunTime:0.000000s ]
INFO: [ app_end ] --END-- [ RunTime:0.000000s ]

[ 2017-05-02T09:22:17+08:00 ] 127.0.0.1 /index.php?s=/Home/index/shop.html
INFO: [ app_begin ] --START--
INFO: Run Behavior\ReadHtmlCache [ RunTime:0.000000s ]
INFO: [ app_begin ] --END-- [ RunTime:0.001000s ]
SQL: SHOW COLUMNS FROM `onethink_config` [ RunTime:0.007001s ]
SQL: SELECT `type`,`name`,`value` FROM `onethink_config` WHERE ( `status` = 1 )  [ RunTime:0.000000s ]
SQL: SHOW COLUMNS FROM `onethink_document` [ RunTime:0.006000s ]
SQL: SELECT * FROM `onethink_document` WHERE ( `category_id` = 41 ) LIMIT 1,1   [ RunTime:0.001000s ]
SQL: SHOW COLUMNS FROM `onethink_picture` [ RunTime:0.006001s ]
SQL: SELECT * FROM `onethink_picture` WHERE ( `status` = 1 ) AND ( `id` = 5 ) LIMIT 1   [ RunTime:0.001000s ]

[ 2017-05-02T09:22:18+08:00 ] 127.0.0.1 /index.php?s=/Home/index/shop.html
INFO: [ app_begin ] --START--
INFO: Run Behavior\ReadHtmlCache [ RunTime:0.000000s ]
INFO: [ app_begin ] --END-- [ RunTime:0.001000s ]
SQL: SHOW COLUMNS FROM `onethink_config` [ RunTime:0.006000s ]
SQL: SELECT `type`,`name`,`value` FROM `onethink_config` WHERE ( `status` = 1 )  [ RunTime:0.001000s ]
SQL: SHOW COLUMNS FROM `onethink_document` [ RunTime:0.006001s ]
SQL: SELECT * FROM `onethink_document` WHERE ( `category_id` = 41 ) LIMIT 2,1   [ RunTime:0.000000s ]
NOTIC: [2] Invalid argument supplied for foreach() E:\onethink\Application\Home\Controller\IndexController.class.php 第 61 行.

[ 2017-05-02T09:22:28+08:00 ] 127.0.0.1 /index.php?s=/Home/Index/notice.html
SQL: SHOW COLUMNS FROM `onethink_document` [ RunTime:0.007000s ]
SQL: SELECT * FROM `onethink_document` WHERE ( `category_id` = 40 ) LIMIT 0,1   [ RunTime:0.001000s ]
SQL: SHOW COLUMNS FROM `onethink_picture` [ RunTime:0.006001s ]
SQL: SELECT * FROM `onethink_picture` WHERE ( `status` = 1 ) AND ( `id` = 3 ) LIMIT 1   [ RunTime:0.000000s ]
INFO: [ view_parse ] --START--
INFO: [ template_filter ] --START--
INFO: Run Behavior\ContentReplace [ RunTime:0.000000s ]
INFO: [ template_filter ] --END-- [ RunTime:0.000000s ]
NOTIC: [8] A non well formed numeric value encountered E:\onethink\Runtime\Cache\Home\a2b8e93dc1b90d0a2fb1245c9965565f.php 第 56 行.
INFO: Run Behavior\ParseTemplate [ RunTime:0.010000s ]
INFO: [ view_parse ] --END-- [ RunTime:0.010000s ]
INFO: [ view_filter ] --START--
INFO: Run Behavior\WriteHtmlCache [ RunTime:0.000000s ]
INFO: [ view_filter ] --END-- [ RunTime:0.000000s ]
INFO: [ app_end ] --START--
INFO: Run Behavior\ShowPageTrace [ RunTime:0.001000s ]
INFO: [ app_end ] --END-- [ RunTime:0.001000s ]

[ 2017-05-02T09:22:29+08:00 ] 127.0.0.1 /index.php?s=/Home/index/notice.html
INFO: [ app_begin ] --START--
INFO: Run Behavior\ReadHtmlCache [ RunTime:0.000000s ]
INFO: [ app_begin ] --END-- [ RunTime:0.001000s ]
SQL: SHOW COLUMNS FROM `onethink_config` [ RunTime:0.007000s ]
SQL: SELECT `type`,`name`,`value` FROM `onethink_config` WHERE ( `status` = 1 )  [ RunTime:0.000000s ]
SQL: SHOW COLUMNS FROM `onethink_document` [ RunTime:0.006000s ]
SQL: SELECT * FROM `onethink_document` WHERE ( `category_id` = 40 ) LIMIT 1,1   [ RunTime:0.001001s ]
SQL: SHOW COLUMNS FROM `onethink_picture` [ RunTime:0.006000s ]
SQL: SELECT * FROM `onethink_picture` WHERE ( `status` = 1 ) AND ( `id` = 1 ) LIMIT 1   [ RunTime:0.000000s ]

[ 2017-05-02T09:22:30+08:00 ] 127.0.0.1 /index.php?s=/Home/index/notice.html
INFO: [ app_begin ] --START--
INFO: Run Behavior\ReadHtmlCache [ RunTime:0.000000s ]
INFO: [ app_begin ] --END-- [ RunTime:0.000000s ]
SQL: SHOW COLUMNS FROM `onethink_config` [ RunTime:0.006000s ]
SQL: SELECT `type`,`name`,`value` FROM `onethink_config` WHERE ( `status` = 1 )  [ RunTime:0.001000s ]
SQL: SHOW COLUMNS FROM `onethink_document` [ RunTime:0.007001s ]
SQL: SELECT * FROM `onethink_document` WHERE ( `category_id` = 40 ) LIMIT 2,1   [ RunTime:0.001000s ]
NOTIC: [2] Invalid argument supplied for foreach() E:\onethink\Application\Home\Controller\IndexController.class.php 第 35 行.

[ 2017-05-02T09:22:33+08:00 ] 127.0.0.1 /index.php?s=/Home/Repair/add.html
INFO: [ view_parse ] --START--
INFO: [ template_filter ] --START--
INFO: Run Behavior\ContentReplace [ RunTime:0.000000s ]
INFO: [ template_filter ] --END-- [ RunTime:0.000000s ]
INFO: Run Behavior\ParseTemplate [ RunTime:0.008001s ]
INFO: [ view_parse ] --END-- [ RunTime:0.008001s ]
INFO: [ view_filter ] --START--
INFO: Run Behavior\WriteHtmlCache [ RunTime:0.000000s ]
INFO: [ view_filter ] --END-- [ RunTime:0.000000s ]

[ 2017-05-02T09:51:41+08:00 ] 127.0.0.1 /
SQL: SHOW COLUMNS FROM `onethink_category` [ RunTime:0.025002s ]
SQL: SELECT `id`,`name`,`title`,`pid`,`sort`,`list_row`,`meta_title`,`keywords`,`description`,`template_index`,`template_lists`,`template_detail`,`template_edit`,`model`,`type`,`link_id`,`allow_publish`,`display`,`reply`,`check`,`reply_model`,`extend`,`create_time`,`update_time`,`status`,`icon` FROM `onethink_category` WHERE ( `status` = 1 ) ORDER BY sort  [ RunTime:0.033002s ]
SQL: SHOW COLUMNS FROM `onethink_document` [ RunTime:0.026001s ]
SQL: SELECT `id`,`uid`,`name`,`title`,`category_id`,`description`,`root`,`pid`,`model_id`,`type`,`position`,`link_id`,`cover_id`,`display`,`deadline`,`attach`,`view`,`comment`,`extend`,`level`,`create_time`,`update_time`,`status` FROM `onethink_document` WHERE ( `status` = 1 ) AND ( `pid` = 0 ) AND ( `create_time` < 1493689898 ) AND ( deadline = 0 OR deadline > 1493689898 ) ORDER BY `id` DESC  [ RunTime:0.184011s ]
INFO: [ view_parse ] --START--
INFO: [ template_filter ] --START--
INFO: Run Behavior\ContentReplace [ RunTime:0.000000s ]
INFO: [ template_filter ] --END-- [ RunTime:0.078004s ]
INFO: Run Behavior\ParseTemplate [ RunTime:0.213012s ]
INFO: [ view_parse ] --END-- [ RunTime:0.213012s ]
INFO: [ view_filter ] --START--
INFO: Run Behavior\WriteHtmlCache [ RunTime:0.009001s ]
INFO: [ view_filter ] --END-- [ RunTime:0.009001s ]
INFO: [ app_end ] --START--
INFO: Run Behavior\ShowPageTrace [ RunTime:0.034002s ]
INFO: [ app_end ] --END-- [ RunTime:0.034002s ]

[ 2017-05-02T10:09:38+08:00 ] 127.0.0.1 /index.php?s=/Home/Index/activity.html
SQL: SHOW COLUMNS FROM `onethink_document` [ RunTime:0.009000s ]
SQL: SELECT * FROM `onethink_document` WHERE ( `category_id` = 42 ) LIMIT 0,1   [ RunTime:0.000000s ]
SQL: SHOW COLUMNS FROM `onethink_picture` [ RunTime:0.029002s ]
SQL: SELECT * FROM `onethink_picture` WHERE ( `status` = 1 ) AND ( `id` = 4 ) LIMIT 1   [ RunTime:0.051003s ]
INFO: [ view_parse ] --START--
INFO: [ template_filter ] --START--
INFO: Run Behavior\ContentReplace [ RunTime:0.000000s ]
INFO: [ template_filter ] --END-- [ RunTime:0.000000s ]
NOTIC: [8] A non well formed numeric value encountered E:\onethink\Runtime\Cache\Home\094437578d332d41ee630fbcf602ac3a.php 第 56 行.
INFO: Run Behavior\ParseTemplate [ RunTime:0.174010s ]
INFO: [ view_parse ] --END-- [ RunTime:0.175010s ]
INFO: [ view_filter ] --START--
INFO: Run Behavior\WriteHtmlCache [ RunTime:0.000000s ]
INFO: [ view_filter ] --END-- [ RunTime:0.000000s ]
INFO: [ app_end ] --START--
INFO: Run Behavior\ShowPageTrace [ RunTime:0.001000s ]
INFO: [ app_end ] --END-- [ RunTime:0.001000s ]

[ 2017-05-02T10:09:40+08:00 ] 127.0.0.1 /index.php?s=/Home/index/activity.html
INFO: [ app_begin ] --START--
INFO: Run Behavior\ReadHtmlCache [ RunTime:0.000000s ]
INFO: [ app_begin ] --END-- [ RunTime:0.001000s ]
SQL: SHOW COLUMNS FROM `onethink_config` [ RunTime:0.007000s ]
SQL: SELECT `type`,`name`,`value` FROM `onethink_config` WHERE ( `status` = 1 )  [ RunTime:0.000000s ]
SQL: SHOW COLUMNS FROM `onethink_document` [ RunTime:0.006001s ]
SQL: SELECT * FROM `onethink_document` WHERE ( `category_id` = 42 ) LIMIT 1,1   [ RunTime:0.000000s ]
NOTIC: [2] Invalid argument supplied for foreach() E:\onethink\Application\Home\Controller\IndexController.class.php 第 80 行.

[ 2017-05-02T10:09:42+08:00 ] 127.0.0.1 /index.php?s=/Home/index/joining.html
INFO: [ app_begin ] --START--
INFO: Run Behavior\ReadHtmlCache [ RunTime:0.000000s ]
INFO: [ app_begin ] --END-- [ RunTime:0.001000s ]
SQL: SHOW COLUMNS FROM `onethink_config` [ RunTime:0.006001s ]
SQL: SELECT `type`,`name`,`value` FROM `onethink_config` WHERE ( `status` = 1 )  [ RunTime:0.000000s ]

[ 2017-05-02T10:09:43+08:00 ] 127.0.0.1 /home/user/Login
INFO: [ view_parse ] --START--
INFO: [ template_filter ] --START--
INFO: Run Behavior\ContentReplace [ RunTime:0.000000s ]
INFO: [ template_filter ] --END-- [ RunTime:0.000000s ]
SQL: SHOW COLUMNS FROM `onethink_channel` [ RunTime:0.039003s ]
SQL: SELECT `id`,`pid`,`title`,`url`,`sort`,`create_time`,`update_time`,`status`,`target` FROM `onethink_channel` WHERE ( status=1 ) ORDER BY sort  [ RunTime:0.013000s ]
INFO: Run Behavior\ParseTemplate [ RunTime:0.100005s ]
INFO: [ view_parse ] --END-- [ RunTime:0.101005s ]
INFO: [ view_filter ] --START--
INFO: Run Behavior\WriteHtmlCache [ RunTime:0.000000s ]
INFO: [ view_filter ] --END-- [ RunTime:0.000000s ]
INFO: [ app_end ] --START--
INFO: Run Behavior\ShowPageTrace [ RunTime:0.001000s ]
INFO: [ app_end ] --END-- [ RunTime:0.001000s ]

[ 2017-05-02T10:09:44+08:00 ] 127.0.0.1 /index.php?s=/Home/User/verify.html
INFO: [ app_end ] --START--
INFO: Run Behavior\ShowPageTrace [ RunTime:0.000000s ]
INFO: [ app_end ] --END-- [ RunTime:0.001000s ]

[ 2017-05-02T10:21:33+08:00 ] 127.0.0.1 /
SQL: SHOW COLUMNS FROM `onethink_category` [ RunTime:0.020001s ]
SQL: SELECT `id`,`name`,`title`,`pid`,`sort`,`list_row`,`meta_title`,`keywords`,`description`,`template_index`,`template_lists`,`template_detail`,`template_edit`,`model`,`type`,`link_id`,`allow_publish`,`display`,`reply`,`check`,`reply_model`,`extend`,`create_time`,`update_time`,`status`,`icon` FROM `onethink_category` WHERE ( `status` = 1 ) ORDER BY sort  [ RunTime:0.001000s ]
SQL: SHOW COLUMNS FROM `onethink_document` [ RunTime:0.008001s ]
SQL: SELECT `id`,`uid`,`name`,`title`,`category_id`,`description`,`root`,`pid`,`model_id`,`type`,`position`,`link_id`,`cover_id`,`display`,`deadline`,`attach`,`view`,`comment`,`extend`,`level`,`create_time`,`update_time`,`status` FROM `onethink_document` WHERE ( `status` = 1 ) AND ( `pid` = 0 ) AND ( `create_time` < 1493691693 ) AND ( deadline = 0 OR deadline > 1493691693 ) ORDER BY `id` DESC  [ RunTime:0.001000s ]
INFO: [ view_parse ] --START--
INFO: [ template_filter ] --START--
INFO: Run Behavior\ContentReplace [ RunTime:0.000000s ]
INFO: [ template_filter ] --END-- [ RunTime:0.000000s ]
INFO: Run Behavior\ParseTemplate [ RunTime:0.029002s ]
INFO: [ view_parse ] --END-- [ RunTime:0.029002s ]
INFO: [ view_filter ] --START--
INFO: Run Behavior\WriteHtmlCache [ RunTime:0.001000s ]
INFO: [ view_filter ] --END-- [ RunTime:0.001000s ]
INFO: [ app_end ] --START--
INFO: Run Behavior\ShowPageTrace [ RunTime:0.000000s ]
INFO: [ app_end ] --END-- [ RunTime:0.000000s ]

[ 2017-05-02T10:21:34+08:00 ] 127.0.0.1 /index.php?s=/Home/Index/my.html
INFO: [ view_parse ] --START--
INFO: [ template_filter ] --START--
INFO: Run Behavior\ContentReplace [ RunTime:0.000000s ]
INFO: [ template_filter ] --END-- [ RunTime:0.000000s ]
INFO: Run Behavior\ParseTemplate [ RunTime:0.009000s ]
INFO: [ view_parse ] --END-- [ RunTime:0.009000s ]
INFO: [ view_filter ] --START--
INFO: Run Behavior\WriteHtmlCache [ RunTime:0.000000s ]
INFO: [ view_filter ] --END-- [ RunTime:0.001000s ]
INFO: [ app_end ] --START--
INFO: Run Behavior\ShowPageTrace [ RunTime:0.000000s ]
INFO: [ app_end ] --END-- [ RunTime:0.000000s ]

[ 2017-05-02T10:22:04+08:00 ] 127.0.0.1 /index.php?s=/Home/Index/my.html
INFO: [ view_parse ] --START--
INFO: [ template_filter ] --START--
INFO: Run Behavior\ContentReplace [ RunTime:0.001000s ]
INFO: [ template_filter ] --END-- [ RunTime:0.001000s ]
INFO: Run Behavior\ParseTemplate [ RunTime:0.024001s ]
INFO: [ view_parse ] --END-- [ RunTime:0.024001s ]
INFO: [ view_filter ] --START--
INFO: Run Behavior\WriteHtmlCache [ RunTime:0.000000s ]
INFO: [ view_filter ] --END-- [ RunTime:0.000000s ]
INFO: [ app_end ] --START--
INFO: Run Behavior\ShowPageTrace [ RunTime:0.001000s ]
INFO: [ app_end ] --END-- [ RunTime:0.001000s ]

[ 2017-05-02T10:22:49+08:00 ] 127.0.0.1 /index.php?s=/Home/Index/my.html
INFO: [ view_parse ] --START--
INFO: [ template_filter ] --START--
INFO: Run Behavior\ContentReplace [ RunTime:0.000000s ]
INFO: [ template_filter ] --END-- [ RunTime:0.000000s ]
INFO: Run Behavior\ParseTemplate [ RunTime:0.009000s ]
INFO: [ view_parse ] --END-- [ RunTime:0.010001s ]
INFO: [ view_filter ] --START--
INFO: Run Behavior\WriteHtmlCache [ RunTime:0.001000s ]
INFO: [ view_filter ] --END-- [ RunTime:0.001000s ]
INFO: [ app_end ] --START--
INFO: Run Behavior\ShowPageTrace [ RunTime:0.000000s ]
INFO: [ app_end ] --END-- [ RunTime:0.000000s ]

[ 2017-05-02T10:48:06+08:00 ] 127.0.0.1 /
SQL: SHOW COLUMNS FROM `onethink_category` [ RunTime:0.085005s ]
SQL: SELECT `id`,`name`,`title`,`pid`,`sort`,`list_row`,`meta_title`,`keywords`,`description`,`template_index`,`template_lists`,`template_detail`,`template_edit`,`model`,`type`,`link_id`,`allow_publish`,`display`,`reply`,`check`,`reply_model`,`extend`,`create_time`,`update_time`,`status`,`icon` FROM `onethink_category` WHERE ( `status` = 1 ) ORDER BY sort  [ RunTime:0.002000s ]
SQL: SHOW COLUMNS FROM `onethink_document` [ RunTime:0.070004s ]
SQL: SELECT `id`,`uid`,`name`,`title`,`category_id`,`description`,`root`,`pid`,`model_id`,`type`,`position`,`link_id`,`cover_id`,`display`,`deadline`,`attach`,`view`,`comment`,`extend`,`level`,`create_time`,`update_time`,`status` FROM `onethink_document` WHERE ( `status` = 1 ) AND ( `pid` = 0 ) AND ( `create_time` < 1493693277 ) AND ( deadline = 0 OR deadline > 1493693277 ) ORDER BY `id` DESC  [ RunTime:0.218012s ]
INFO: [ view_parse ] --START--
INFO: [ template_filter ] --START--
INFO: Run Behavior\ContentReplace [ RunTime:0.000000s ]
INFO: [ template_filter ] --END-- [ RunTime:0.020002s ]
INFO: Run Behavior\ParseTemplate [ RunTime:0.113007s ]
INFO: [ view_parse ] --END-- [ RunTime:0.113007s ]
INFO: [ view_filter ] --START--
INFO: Run Behavior\WriteHtmlCache [ RunTime:0.009000s ]
INFO: [ view_filter ] --END-- [ RunTime:0.009000s ]
INFO: [ app_end ] --START--
INFO: Run Behavior\ShowPageTrace [ RunTime:0.041003s ]
INFO: [ app_end ] --END-- [ RunTime:0.041003s ]

[ 2017-05-02T10:48:12+08:00 ] 127.0.0.1 /index.php?s=/Home/Index/index.html
SQL: SHOW COLUMNS FROM `onethink_category` [ RunTime:0.006001s ]
SQL: SELECT `id`,`name`,`title`,`pid`,`sort`,`list_row`,`meta_title`,`keywords`,`description`,`template_index`,`template_lists`,`template_detail`,`template_edit`,`model`,`type`,`link_id`,`allow_publish`,`display`,`reply`,`check`,`reply_model`,`extend`,`create_time`,`update_time`,`status`,`icon` FROM `onethink_category` WHERE ( `status` = 1 ) ORDER BY sort  [ RunTime:0.001000s ]
SQL: SHOW COLUMNS FROM `onethink_document` [ RunTime:0.007000s ]
SQL: SELECT `id`,`uid`,`name`,`title`,`category_id`,`description`,`root`,`pid`,`model_id`,`type`,`position`,`link_id`,`cover_id`,`display`,`deadline`,`attach`,`view`,`comment`,`extend`,`level`,`create_time`,`update_time`,`status` FROM `onethink_document` WHERE ( `status` = 1 ) AND ( `pid` = 0 ) AND ( `create_time` < 1493693292 ) AND ( deadline = 0 OR deadline > 1493693292 ) ORDER BY `id` DESC  [ RunTime:0.001000s ]
INFO: [ view_parse ] --START--
INFO: [ template_filter ] --START--
INFO: Run Behavior\ContentReplace [ RunTime:0.000000s ]
INFO: [ template_filter ] --END-- [ RunTime:0.000000s ]
INFO: Run Behavior\ParseTemplate [ RunTime:0.009001s ]
INFO: [ view_parse ] --END-- [ RunTime:0.009001s ]
INFO: [ view_filter ] --START--
INFO: Run Behavior\WriteHtmlCache [ RunTime:0.000000s ]
INFO: [ view_filter ] --END-- [ RunTime:0.000000s ]
INFO: [ app_end ] --START--
INFO: Run Behavior\ShowPageTrace [ RunTime:0.001000s ]
INFO: [ app_end ] --END-- [ RunTime:0.001000s ]

[ 2017-05-02T10:48:15+08:00 ] 127.0.0.1 /index.php?s=/Home/Index/index.html
SQL: SHOW COLUMNS FROM `onethink_category` [ RunTime:0.006001s ]
SQL: SELECT `id`,`name`,`title`,`pid`,`sort`,`list_row`,`meta_title`,`keywords`,`description`,`template_index`,`template_lists`,`template_detail`,`template_edit`,`model`,`type`,`link_id`,`allow_publish`,`display`,`reply`,`check`,`reply_model`,`extend`,`create_time`,`update_time`,`status`,`icon` FROM `onethink_category` WHERE ( `status` = 1 ) ORDER BY sort  [ RunTime:0.000000s ]
SQL: SHOW COLUMNS FROM `onethink_document` [ RunTime:0.006000s ]
SQL: SELECT `id`,`uid`,`name`,`title`,`category_id`,`description`,`root`,`pid`,`model_id`,`type`,`position`,`link_id`,`cover_id`,`display`,`deadline`,`attach`,`view`,`comment`,`extend`,`level`,`create_time`,`update_time`,`status` FROM `onethink_document` WHERE ( `status` = 1 ) AND ( `pid` = 0 ) AND ( `create_time` < 1493693294 ) AND ( deadline = 0 OR deadline > 1493693294 ) ORDER BY `id` DESC  [ RunTime:0.001000s ]
INFO: [ view_parse ] --START--
INFO: [ template_filter ] --START--
INFO: Run Behavior\ContentReplace [ RunTime:0.000000s ]
INFO: [ template_filter ] --END-- [ RunTime:0.001000s ]
INFO: Run Behavior\ParseTemplate [ RunTime:0.009001s ]
INFO: [ view_parse ] --END-- [ RunTime:0.009001s ]
INFO: [ view_filter ] --START--
INFO: Run Behavior\WriteHtmlCache [ RunTime:0.000000s ]
INFO: [ view_filter ] --END-- [ RunTime:0.000000s ]
INFO: [ app_end ] --START--
INFO: Run Behavior\ShowPageTrace [ RunTime:0.001000s ]
INFO: [ app_end ] --END-- [ RunTime:0.001000s ]

[ 2017-05-02T10:48:17+08:00 ] 127.0.0.1 /index.php?s=/Home/Index/index.html
SQL: SHOW COLUMNS FROM `onethink_category` [ RunTime:0.006001s ]
SQL: SELECT `id`,`name`,`title`,`pid`,`sort`,`list_row`,`meta_title`,`keywords`,`description`,`template_index`,`template_lists`,`template_detail`,`template_edit`,`model`,`type`,`link_id`,`allow_publish`,`display`,`reply`,`check`,`reply_model`,`extend`,`create_time`,`update_time`,`status`,`icon` FROM `onethink_category` WHERE ( `status` = 1 ) ORDER BY sort  [ RunTime:0.000000s ]
SQL: SHOW COLUMNS FROM `onethink_document` [ RunTime:0.006000s ]
SQL: SELECT `id`,`uid`,`name`,`title`,`category_id`,`description`,`root`,`pid`,`model_id`,`type`,`position`,`link_id`,`cover_id`,`display`,`deadline`,`attach`,`view`,`comment`,`extend`,`level`,`create_time`,`update_time`,`status` FROM `onethink_document` WHERE ( `status` = 1 ) AND ( `pid` = 0 ) AND ( `create_time` < 1493693297 ) AND ( deadline = 0 OR deadline > 1493693297 ) ORDER BY `id` DESC  [ RunTime:0.000000s ]
INFO: [ view_parse ] --START--
INFO: [ template_filter ] --START--
INFO: Run Behavior\ContentReplace [ RunTime:0.000000s ]
INFO: [ template_filter ] --END-- [ RunTime:0.000000s ]
INFO: Run Behavior\ParseTemplate [ RunTime:0.009001s ]
INFO: [ view_parse ] --END-- [ RunTime:0.009001s ]
INFO: [ view_filter ] --START--
INFO: Run Behavior\WriteHtmlCache [ RunTime:0.000000s ]
INFO: [ view_filter ] --END-- [ RunTime:0.000000s ]
INFO: [ app_end ] --START--
INFO: Run Behavior\ShowPageTrace [ RunTime:0.001000s ]
INFO: [ app_end ] --END-- [ RunTime:0.001000s ]

[ 2017-05-02T10:48:40+08:00 ] 127.0.0.1 /index.php?s=/Home/Index/fuwu.html
INFO: [ view_parse ] --START--
INFO: [ template_filter ] --START--
INFO: Run Behavior\ContentReplace [ RunTime:0.001000s ]
INFO: [ template_filter ] --END-- [ RunTime:0.001000s ]
INFO: Run Behavior\ParseTemplate [ RunTime:0.028001s ]
INFO: [ view_parse ] --END-- [ RunTime:0.029001s ]
INFO: [ view_filter ] --START--
INFO: Run Behavior\WriteHtmlCache [ RunTime:0.000000s ]
INFO: [ view_filter ] --END-- [ RunTime:0.000000s ]
INFO: [ app_end ] --START--
INFO: Run Behavior\ShowPageTrace [ RunTime:0.000000s ]
INFO: [ app_end ] --END-- [ RunTime:0.001000s ]

[ 2017-05-02T11:00:10+08:00 ] 127.0.0.1 /index.php?s=/Home/Index/fuwu.html
INFO: [ view_parse ] --START--
INFO: [ template_filter ] --START--
INFO: Run Behavior\ContentReplace [ RunTime:0.000000s ]
INFO: [ template_filter ] --END-- [ RunTime:0.001000s ]
INFO: Run Behavior\ParseTemplate [ RunTime:0.045002s ]
INFO: [ view_parse ] --END-- [ RunTime:0.046002s ]
INFO: [ view_filter ] --START--
INFO: Run Behavior\WriteHtmlCache [ RunTime:0.000000s ]
INFO: [ view_filter ] --END-- [ RunTime:0.000000s ]
INFO: [ app_end ] --START--
INFO: Run Behavior\ShowPageTrace [ RunTime:0.001000s ]
INFO: [ app_end ] --END-- [ RunTime:0.001000s ]

[ 2017-05-02T11:00:11+08:00 ] 127.0.0.1 /index.php?s=/Home/Index/index.html
SQL: SHOW COLUMNS FROM `onethink_category` [ RunTime:0.007001s ]
SQL: SELECT `id`,`name`,`title`,`pid`,`sort`,`list_row`,`meta_title`,`keywords`,`description`,`template_index`,`template_lists`,`template_detail`,`template_edit`,`model`,`type`,`link_id`,`allow_publish`,`display`,`reply`,`check`,`reply_model`,`extend`,`create_time`,`update_time`,`status`,`icon` FROM `onethink_category` WHERE ( `status` = 1 ) ORDER BY sort  [ RunTime:0.000000s ]
SQL: SHOW COLUMNS FROM `onethink_document` [ RunTime:0.007000s ]
SQL: SELECT `id`,`uid`,`name`,`title`,`category_id`,`description`,`root`,`pid`,`model_id`,`type`,`position`,`link_id`,`cover_id`,`display`,`deadline`,`attach`,`view`,`comment`,`extend`,`level`,`create_time`,`update_time`,`status` FROM `onethink_document` WHERE ( `status` = 1 ) AND ( `pid` = 0 ) AND ( `create_time` < 1493694011 ) AND ( deadline = 0 OR deadline > 1493694011 ) ORDER BY `id` DESC  [ RunTime:0.001000s ]
INFO: [ view_parse ] --START--
INFO: [ template_filter ] --START--
INFO: Run Behavior\ContentReplace [ RunTime:0.000000s ]
INFO: [ template_filter ] --END-- [ RunTime:0.000000s ]
INFO: Run Behavior\ParseTemplate [ RunTime:0.009001s ]
INFO: [ view_parse ] --END-- [ RunTime:0.009001s ]
INFO: [ view_filter ] --START--
INFO: Run Behavior\WriteHtmlCache [ RunTime:0.001000s ]
INFO: [ view_filter ] --END-- [ RunTime:0.001000s ]
INFO: [ app_end ] --START--
INFO: Run Behavior\ShowPageTrace [ RunTime:0.000000s ]
INFO: [ app_end ] --END-- [ RunTime:0.000000s ]

[ 2017-05-02T11:00:39+08:00 ] 127.0.0.1 /index.php?s=/Home/Index/index.html
SQL: SHOW COLUMNS FROM `onethink_category` [ RunTime:0.007000s ]
SQL: SELECT `id`,`name`,`title`,`pid`,`sort`,`list_row`,`meta_title`,`keywords`,`description`,`template_index`,`template_lists`,`template_detail`,`template_edit`,`model`,`type`,`link_id`,`allow_publish`,`display`,`reply`,`check`,`reply_model`,`extend`,`create_time`,`update_time`,`status`,`icon` FROM `onethink_category` WHERE ( `status` = 1 ) ORDER BY sort  [ RunTime:0.000000s ]
SQL: SHOW COLUMNS FROM `onethink_document` [ RunTime:0.007000s ]
SQL: SELECT `id`,`uid`,`name`,`title`,`category_id`,`description`,`root`,`pid`,`model_id`,`type`,`position`,`link_id`,`cover_id`,`display`,`deadline`,`attach`,`view`,`comment`,`extend`,`level`,`create_time`,`update_time`,`status` FROM `onethink_document` WHERE ( `status` = 1 ) AND ( `pid` = 0 ) AND ( `create_time` < 1493694039 ) AND ( deadline = 0 OR deadline > 1493694039 ) ORDER BY `id` DESC  [ RunTime:0.001000s ]
INFO: [ view_parse ] --START--
INFO: [ template_filter ] --START--
INFO: Run Behavior\ContentReplace [ RunTime:0.000000s ]
INFO: [ template_filter ] --END-- [ RunTime:0.000000s ]
INFO: Run Behavior\ParseTemplate [ RunTime:0.009001s ]
INFO: [ view_parse ] --END-- [ RunTime:0.009001s ]
INFO: [ view_filter ] --START--
INFO: Run Behavior\WriteHtmlCache [ RunTime:0.000000s ]
INFO: [ view_filter ] --END-- [ RunTime:0.000000s ]
INFO: [ app_end ] --START--
INFO: Run Behavior\ShowPageTrace [ RunTime:0.001000s ]
INFO: [ app_end ] --END-- [ RunTime:0.001000s ]

[ 2017-05-02T11:00:46+08:00 ] 127.0.0.1 /index.php?s=/Home/Index/fuwu.html
INFO: [ view_parse ] --START--
INFO: [ template_filter ] --START--
INFO: Run Behavior\ContentReplace [ RunTime:0.000000s ]
INFO: [ template_filter ] --END-- [ RunTime:0.000000s ]
INFO: Run Behavior\ParseTemplate [ RunTime:0.008000s ]
INFO: [ view_parse ] --END-- [ RunTime:0.009000s ]
INFO: [ view_filter ] --START--
INFO: Run Behavior\WriteHtmlCache [ RunTime:0.000000s ]
INFO: [ view_filter ] --END-- [ RunTime:0.000000s ]
INFO: [ app_end ] --START--
INFO: Run Behavior\ShowPageTrace [ RunTime:0.001000s ]
INFO: [ app_end ] --END-- [ RunTime:0.001000s ]

[ 2017-05-02T11:00:48+08:00 ] 127.0.0.1 /index.php?s=/Home/Fuwu/identity.html
INFO: [ view_parse ] --START--
INFO: [ template_filter ] --START--
INFO: Run Behavior\ContentReplace [ RunTime:0.000000s ]
INFO: [ template_filter ] --END-- [ RunTime:0.000000s ]
INFO: Run Behavior\ParseTemplate [ RunTime:0.090005s ]
INFO: [ view_parse ] --END-- [ RunTime:0.090005s ]
INFO: [ view_filter ] --START--
INFO: Run Behavior\WriteHtmlCache [ RunTime:0.000000s ]
INFO: [ view_filter ] --END-- [ RunTime:0.000000s ]

[ 2017-05-02T11:00:52+08:00 ] 127.0.0.1 /index.php?s=/Home/User/login.html
INFO: [ view_parse ] --START--
INFO: [ template_filter ] --START--
INFO: Run Behavior\ContentReplace [ RunTime:0.000000s ]
INFO: [ template_filter ] --END-- [ RunTime:0.000000s ]
SQL: SHOW COLUMNS FROM `onethink_channel` [ RunTime:0.050003s ]
SQL: SELECT `id`,`pid`,`title`,`url`,`sort`,`create_time`,`update_time`,`status`,`target` FROM `onethink_channel` WHERE ( status=1 ) ORDER BY sort  [ RunTime:0.046003s ]
INFO: Run Behavior\ParseTemplate [ RunTime:1.296074s ]
INFO: [ view_parse ] --END-- [ RunTime:1.297074s ]
INFO: [ view_filter ] --START--
INFO: Run Behavior\WriteHtmlCache [ RunTime:0.000000s ]
INFO: [ view_filter ] --END-- [ RunTime:0.000000s ]
INFO: [ app_end ] --START--
INFO: Run Behavior\ShowPageTrace [ RunTime:0.001000s ]
INFO: [ app_end ] --END-- [ RunTime:0.001000s ]

[ 2017-05-02T11:00:53+08:00 ] 127.0.0.1 /index.php?s=/Home/User/verify.html
INFO: [ app_end ] --START--
INFO: Run Behavior\ShowPageTrace [ RunTime:0.000000s ]
INFO: [ app_end ] --END-- [ RunTime:0.001001s ]

[ 2017-05-02T11:01:00+08:00 ] 127.0.0.1 /index.php?s=/Home/User/verify.html&random=0.468716510895381
INFO: [ app_end ] --START--
INFO: Run Behavior\ShowPageTrace [ RunTime:0.001000s ]
INFO: [ app_end ] --END-- [ RunTime:0.001000s ]

[ 2017-05-02T11:01:06+08:00 ] 127.0.0.1 /index.php?s=/Home/User/login.html
INFO: [ app_begin ] --START--
INFO: Run Behavior\ReadHtmlCache [ RunTime:0.001000s ]
INFO: [ app_begin ] --END-- [ RunTime:0.001000s ]
SQL: SHOW COLUMNS FROM `onethink_config` [ RunTime:0.007000s ]
SQL: SELECT `type`,`name`,`value` FROM `onethink_config` WHERE ( `status` = 1 )  [ RunTime:0.000000s ]
SQL: SHOW COLUMNS FROM `onethink_ucenter_member` [ RunTime:0.111006s ]
SQL: SELECT * FROM `onethink_ucenter_member` WHERE ( `username` = 'admin' ) LIMIT 1   [ RunTime:0.000000s ]
SQL: UPDATE `onethink_ucenter_member` SET `last_login_time`=1493694065,`last_login_ip`='2130706433' WHERE ( `id` = 1 ) [ RunTime:0.067004s ]
SQL: SHOW COLUMNS FROM `onethink_member` [ RunTime:0.020001s ]
SQL: SELECT `uid`,`nickname`,`sex`,`birthday`,`qq`,`score`,`login`,`reg_ip`,`reg_time`,`last_login_ip`,`last_login_time`,`status` FROM `onethink_member` WHERE ( `uid` = 1 ) LIMIT 1   [ RunTime:0.001000s ]
SQL: UPDATE `onethink_member` SET `login`=`login`+1,`last_login_time`=1493694065,`last_login_ip`='2130706433' WHERE ( `uid` = 1 ) [ RunTime:0.085005s ]
SQL: SHOW COLUMNS FROM `onethink_action` [ RunTime:0.043003s ]
SQL: SELECT * FROM `onethink_action` WHERE ( `name` = 'user_login' ) LIMIT 1   [ RunTime:0.014001s ]
SQL: SHOW COLUMNS FROM `onethink_action_log` [ RunTime:0.013000s ]
SQL: INSERT INTO `onethink_action_log` (`action_id`,`user_id`,`action_ip`,`model`,`record_id`,`create_time`,`remark`) VALUES (1,1,2130706433,'member',1,1493694065,'admin在2017-05-02 11:01登录了后台') [ RunTime:0.024002s ]
SQL: SELECT * FROM `onethink_action` WHERE ( `name` = 'user_login' ) LIMIT 1   [ RunTime:0.000000s ]
NOTIC: [8] Undefined offset: 1 E:\onethink\Application\Common\Common\function.php 第 665 行.
NOTIC: [2] array_key_exists() expects parameter 2 to be array, null given E:\onethink\Application\Common\Common\function.php 第 665 行.
SQL: SELECT COUNT(*) AS tp_count FROM `onethink_action_log` WHERE ( `action_id` = 1 ) AND ( `user_id` = 1 ) AND ( `create_time` > 1493607665 ) LIMIT 1   [ RunTime:0.049003s ]

[ 2017-05-02T11:01:06+08:00 ] 127.0.0.1 /index.php?s=/Home/Index/index.html
SQL: SHOW COLUMNS FROM `onethink_category` [ RunTime:0.006000s ]
SQL: SELECT `id`,`name`,`title`,`pid`,`sort`,`list_row`,`meta_title`,`keywords`,`description`,`template_index`,`template_lists`,`template_detail`,`template_edit`,`model`,`type`,`link_id`,`allow_publish`,`display`,`reply`,`check`,`reply_model`,`extend`,`create_time`,`update_time`,`status`,`icon` FROM `onethink_category` WHERE ( `status` = 1 ) ORDER BY sort  [ RunTime:0.001000s ]
SQL: SHOW COLUMNS FROM `onethink_document` [ RunTime:0.006000s ]
SQL: SELECT `id`,`uid`,`name`,`title`,`category_id`,`description`,`root`,`pid`,`model_id`,`type`,`position`,`link_id`,`cover_id`,`display`,`deadline`,`attach`,`view`,`comment`,`extend`,`level`,`create_time`,`update_time`,`status` FROM `onethink_document` WHERE ( `status` = 1 ) AND ( `pid` = 0 ) AND ( `create_time` < 1493694066 ) AND ( deadline = 0 OR deadline > 1493694066 ) ORDER BY `id` DESC  [ RunTime:0.000000s ]
INFO: [ view_parse ] --START--
INFO: [ template_filter ] --START--
INFO: Run Behavior\ContentReplace [ RunTime:0.000000s ]
INFO: [ template_filter ] --END-- [ RunTime:0.000000s ]
INFO: Run Behavior\ParseTemplate [ RunTime:0.009000s ]
INFO: [ view_parse ] --END-- [ RunTime:0.009000s ]
INFO: [ view_filter ] --START--
INFO: Run Behavior\WriteHtmlCache [ RunTime:0.000000s ]
INFO: [ view_filter ] --END-- [ RunTime:0.000000s ]
INFO: [ app_end ] --START--
INFO: Run Behavior\ShowPageTrace [ RunTime:0.001000s ]
INFO: [ app_end ] --END-- [ RunTime:0.001000s ]

[ 2017-05-02T11:01:14+08:00 ] 127.0.0.1 /index.php?s=/Home/Index/fuwu.html
INFO: [ view_parse ] --START--
INFO: [ template_filter ] --START--
INFO: Run Behavior\ContentReplace [ RunTime:0.000000s ]
INFO: [ template_filter ] --END-- [ RunTime:0.000000s ]
INFO: Run Behavior\ParseTemplate [ RunTime:0.009001s ]
INFO: [ view_parse ] --END-- [ RunTime:0.009001s ]
INFO: [ view_filter ] --START--
INFO: Run Behavior\WriteHtmlCache [ RunTime:0.000000s ]
INFO: [ view_filter ] --END-- [ RunTime:0.000000s ]
INFO: [ app_end ] --START--
INFO: Run Behavior\ShowPageTrace [ RunTime:0.001000s ]
INFO: [ app_end ] --END-- [ RunTime:0.001000s ]

[ 2017-05-02T11:01:17+08:00 ] 127.0.0.1 /index.php?s=/Home/Fuwu/identity.html
INFO: [ app_end ] --START--
INFO: Run Behavior\ShowPageTrace [ RunTime:0.000000s ]
INFO: [ app_end ] --END-- [ RunTime:0.001000s ]

[ 2017-05-02T13:48:55+08:00 ] 127.0.0.1 /
ERR: Access denied for user 'cpd123'@'localhost' (using password: YES)

[ 2017-05-02T13:50:00+08:00 ] 127.0.0.1 /
SQL: SHOW COLUMNS FROM `onethink_category` [ RunTime:0.068004s ]
SQL: SELECT `id`,`name`,`title`,`pid`,`sort`,`list_row`,`meta_title`,`keywords`,`description`,`template_index`,`template_lists`,`template_detail`,`template_edit`,`model`,`type`,`link_id`,`allow_publish`,`display`,`reply`,`check`,`reply_model`,`extend`,`create_time`,`update_time`,`status`,`icon` FROM `onethink_category` WHERE ( `status` = 1 ) ORDER BY sort  [ RunTime:0.034002s ]
SQL: SHOW COLUMNS FROM `onethink_document` [ RunTime:0.026001s ]
SQL: SELECT `id`,`uid`,`name`,`title`,`category_id`,`description`,`root`,`pid`,`model_id`,`type`,`position`,`link_id`,`cover_id`,`display`,`deadline`,`attach`,`view`,`comment`,`extend`,`level`,`create_time`,`update_time`,`status` FROM `onethink_document` WHERE ( `status` = 1 ) AND ( `pid` = 0 ) AND ( `create_time` < 1493704199 ) AND ( deadline = 0 OR deadline > 1493704199 ) ORDER BY `id` DESC  [ RunTime:0.309018s ]
INFO: [ view_parse ] --START--
INFO: [ template_filter ] --START--
INFO: Run Behavior\ContentReplace [ RunTime:0.001000s ]
INFO: [ template_filter ] --END-- [ RunTime:0.001000s ]
INFO: Run Behavior\ParseTemplate [ RunTime:0.024002s ]
INFO: [ view_parse ] --END-- [ RunTime:0.024002s ]
INFO: [ view_filter ] --START--
INFO: Run Behavior\WriteHtmlCache [ RunTime:0.001000s ]
INFO: [ view_filter ] --END-- [ RunTime:0.001000s ]
INFO: [ app_end ] --START--
INFO: Run Behavior\ShowPageTrace [ RunTime:0.000000s ]
INFO: [ app_end ] --END-- [ RunTime:0.000000s ]

[ 2017-05-02T13:50:10+08:00 ] 127.0.0.1 /index.php?s=/Home/Index/notice.html
SQL: SHOW COLUMNS FROM `onethink_document` [ RunTime:0.007001s ]
SQL: SELECT * FROM `onethink_document` WHERE ( `category_id` = 40 ) LIMIT 0,1   [ RunTime:0.044003s ]
SQL: SHOW COLUMNS FROM `onethink_picture` [ RunTime:0.043002s ]
SQL: SELECT * FROM `onethink_picture` WHERE ( `status` = 1 ) AND ( `id` = 3 ) LIMIT 1   [ RunTime:0.025002s ]
INFO: [ view_parse ] --START--
INFO: [ template_filter ] --START--
INFO: Run Behavior\ContentReplace [ RunTime:0.000000s ]
INFO: [ template_filter ] --END-- [ RunTime:0.001000s ]
NOTIC: [8] A non well formed numeric value encountered E:\onethink\Runtime\Cache\Home\a2b8e93dc1b90d0a2fb1245c9965565f.php 第 56 行.
INFO: Run Behavior\ParseTemplate [ RunTime:0.074004s ]
INFO: [ view_parse ] --END-- [ RunTime:0.074004s ]
INFO: [ view_filter ] --START--
INFO: Run Behavior\WriteHtmlCache [ RunTime:0.000000s ]
INFO: [ view_filter ] --END-- [ RunTime:0.000000s ]
INFO: [ app_end ] --START--
INFO: Run Behavior\ShowPageTrace [ RunTime:0.001000s ]
INFO: [ app_end ] --END-- [ RunTime:0.001000s ]

[ 2017-05-02T13:50:45+08:00 ] 127.0.0.1 /
SQL: SHOW COLUMNS FROM `onethink_category` [ RunTime:0.006001s ]
SQL: SELECT `id`,`name`,`title`,`pid`,`sort`,`list_row`,`meta_title`,`keywords`,`description`,`template_index`,`template_lists`,`template_detail`,`template_edit`,`model`,`type`,`link_id`,`allow_publish`,`display`,`reply`,`check`,`reply_model`,`extend`,`create_time`,`update_time`,`status`,`icon` FROM `onethink_category` WHERE ( `status` = 1 ) ORDER BY sort  [ RunTime:0.001000s ]
SQL: SHOW COLUMNS FROM `onethink_document` [ RunTime:0.007000s ]
SQL: SELECT `id`,`uid`,`name`,`title`,`category_id`,`description`,`root`,`pid`,`model_id`,`type`,`position`,`link_id`,`cover_id`,`display`,`deadline`,`attach`,`view`,`comment`,`extend`,`level`,`create_time`,`update_time`,`status` FROM `onethink_document` WHERE ( `status` = 1 ) AND ( `pid` = 0 ) AND ( `create_time` < 1493704245 ) AND ( deadline = 0 OR deadline > 1493704245 ) ORDER BY `id` DESC  [ RunTime:0.006001s ]
INFO: [ view_parse ] --START--
INFO: [ template_filter ] --START--
INFO: Run Behavior\ContentReplace [ RunTime:0.000000s ]
INFO: [ template_filter ] --END-- [ RunTime:0.000000s ]
INFO: Run Behavior\ParseTemplate [ RunTime:0.010000s ]
INFO: [ view_parse ] --END-- [ RunTime:0.011000s ]
INFO: [ view_filter ] --START--
INFO: Run Behavior\WriteHtmlCache [ RunTime:0.000000s ]
INFO: [ view_filter ] --END-- [ RunTime:0.000000s ]
INFO: [ app_end ] --START--
INFO: Run Behavior\ShowPageTrace [ RunTime:0.000000s ]
INFO: [ app_end ] --END-- [ RunTime:0.000000s ]

